[2024-08-27T20:05:02.556+0000] {manager.py:483} INFO - Processing files using up to 2 processes at a time 
[2024-08-27T20:05:02.556+0000] {manager.py:484} INFO - Process each file at most once every 30 seconds
[2024-08-27T20:05:02.556+0000] {manager.py:485} INFO - Checking for new files in /opt/airflow/dags every 300 seconds
[2024-08-27T20:05:02.556+0000] {manager.py:821} INFO - Searching for files in /opt/airflow/dags
[2024-08-27T20:05:02.573+0000] {manager.py:824} INFO - There are 1 files in /opt/airflow/dags
[2024-08-27T20:05:02.632+0000] {manager.py:997} INFO - 
================================================================================
DAG File Processing Stats

File Path                         PID  Runtime      # DAGs    # Errors  Last Runtime    Last Run      Last # of DB Queries
------------------------------  -----  ---------  --------  ----------  --------------  ----------  ----------------------
/opt/airflow/dags/paxpe_dag.py     65  0.01s             0           0                                                   0
================================================================================
[2024-08-27T20:05:32.761+0000] {manager.py:997} INFO - 
================================================================================
DAG File Processing Stats

File Path                         PID  Runtime      # DAGs    # Errors  Last Runtime    Last Run               Last # of DB Queries
------------------------------  -----  ---------  --------  ----------  --------------  -------------------  ----------------------
/opt/airflow/dags/paxpe_dag.py     73  0.00s             1           0  0.13s           2024-08-27T20:05:02                      12
================================================================================
[2024-08-27T20:06:02.988+0000] {manager.py:997} INFO - 
================================================================================
DAG File Processing Stats

File Path                         PID  Runtime      # DAGs    # Errors  Last Runtime    Last Run               Last # of DB Queries
------------------------------  -----  ---------  --------  ----------  --------------  -------------------  ----------------------
/opt/airflow/dags/paxpe_dag.py     81  0.00s             1           0  0.11s           2024-08-27T20:05:32                      12
================================================================================
[2024-08-27T20:06:33.137+0000] {manager.py:997} INFO - 
================================================================================
DAG File Processing Stats

File Path                         PID  Runtime      # DAGs    # Errors  Last Runtime    Last Run               Last # of DB Queries
------------------------------  -----  ---------  --------  ----------  --------------  -------------------  ----------------------
/opt/airflow/dags/paxpe_dag.py     89  0.00s             1           0  0.10s           2024-08-27T20:06:03                      12
================================================================================
[2024-08-27T20:07:03.334+0000] {manager.py:997} INFO - 
================================================================================
DAG File Processing Stats

File Path                         PID  Runtime      # DAGs    # Errors  Last Runtime    Last Run               Last # of DB Queries
------------------------------  -----  ---------  --------  ----------  --------------  -------------------  ----------------------
/opt/airflow/dags/paxpe_dag.py    104  0.00s             1           0  0.10s           2024-08-27T20:06:33                      12
================================================================================
[2024-08-27T20:07:34.019+0000] {manager.py:997} INFO - 
================================================================================
DAG File Processing Stats

File Path                       PID    Runtime      # DAGs    # Errors  Last Runtime    Last Run               Last # of DB Queries
------------------------------  -----  ---------  --------  ----------  --------------  -------------------  ----------------------
/opt/airflow/dags/paxpe_dag.py                           1           0  0.15s           2024-08-27T20:07:18                      34
================================================================================
[2024-08-27T20:08:04.284+0000] {manager.py:997} INFO - 
================================================================================
DAG File Processing Stats

File Path                       PID    Runtime      # DAGs    # Errors  Last Runtime    Last Run               Last # of DB Queries
------------------------------  -----  ---------  --------  ----------  --------------  -------------------  ----------------------
/opt/airflow/dags/paxpe_dag.py                           1           0  0.06s           2024-08-27T20:07:48                      12
================================================================================
[2024-08-27T20:08:34.449+0000] {manager.py:997} INFO - 
================================================================================
DAG File Processing Stats

File Path                       PID    Runtime      # DAGs    # Errors  Last Runtime    Last Run               Last # of DB Queries
------------------------------  -----  ---------  --------  ----------  --------------  -------------------  ----------------------
/opt/airflow/dags/paxpe_dag.py                           1           0  0.06s           2024-08-27T20:08:18                      12
================================================================================
[2024-08-27T20:09:04.592+0000] {manager.py:997} INFO - 
================================================================================
DAG File Processing Stats

File Path                       PID    Runtime      # DAGs    # Errors  Last Runtime    Last Run               Last # of DB Queries
------------------------------  -----  ---------  --------  ----------  --------------  -------------------  ----------------------
/opt/airflow/dags/paxpe_dag.py                           1           0  0.06s           2024-08-27T20:08:48                      12
================================================================================
[2024-08-27T20:09:34.764+0000] {manager.py:997} INFO - 
================================================================================
DAG File Processing Stats

File Path                       PID    Runtime      # DAGs    # Errors  Last Runtime    Last Run               Last # of DB Queries
------------------------------  -----  ---------  --------  ----------  --------------  -------------------  ----------------------
/opt/airflow/dags/paxpe_dag.py                           1           0  0.09s           2024-08-27T20:09:18                      12
================================================================================
[2024-08-27T20:10:02.923+0000] {manager.py:821} INFO - Searching for files in /opt/airflow/dags
[2024-08-27T20:10:02.938+0000] {manager.py:824} INFO - There are 1 files in /opt/airflow/dags
[2024-08-27T20:10:04.952+0000] {manager.py:997} INFO - 
================================================================================
DAG File Processing Stats

File Path                       PID    Runtime      # DAGs    # Errors  Last Runtime    Last Run               Last # of DB Queries
------------------------------  -----  ---------  --------  ----------  --------------  -------------------  ----------------------
/opt/airflow/dags/paxpe_dag.py                           1           0  0.06s           2024-08-27T20:09:48                      12
================================================================================
[2024-08-27T20:10:35.101+0000] {manager.py:997} INFO - 
================================================================================
DAG File Processing Stats

File Path                       PID    Runtime      # DAGs    # Errors  Last Runtime    Last Run               Last # of DB Queries
------------------------------  -----  ---------  --------  ----------  --------------  -------------------  ----------------------
/opt/airflow/dags/paxpe_dag.py                           1           0  0.07s           2024-08-27T20:10:19                      12
================================================================================
[2024-08-27T20:11:05.270+0000] {manager.py:997} INFO - 
================================================================================
DAG File Processing Stats

File Path                       PID    Runtime      # DAGs    # Errors  Last Runtime    Last Run               Last # of DB Queries
------------------------------  -----  ---------  --------  ----------  --------------  -------------------  ----------------------
/opt/airflow/dags/paxpe_dag.py                           1           0  0.06s           2024-08-27T20:10:49                      12
================================================================================
[2024-08-27T20:11:35.419+0000] {manager.py:997} INFO - 
================================================================================
DAG File Processing Stats

File Path                       PID    Runtime      # DAGs    # Errors  Last Runtime    Last Run               Last # of DB Queries
------------------------------  -----  ---------  --------  ----------  --------------  -------------------  ----------------------
/opt/airflow/dags/paxpe_dag.py                           1           0  0.06s           2024-08-27T20:11:19                      12
================================================================================
[2024-08-27T20:12:05.586+0000] {manager.py:997} INFO - 
================================================================================
DAG File Processing Stats

File Path                       PID    Runtime      # DAGs    # Errors  Last Runtime    Last Run               Last # of DB Queries
------------------------------  -----  ---------  --------  ----------  --------------  -------------------  ----------------------
/opt/airflow/dags/paxpe_dag.py                           1           0  0.06s           2024-08-27T20:11:49                      12
================================================================================
[2024-08-27T20:12:35.732+0000] {manager.py:997} INFO - 
================================================================================
DAG File Processing Stats

File Path                       PID    Runtime      # DAGs    # Errors  Last Runtime    Last Run               Last # of DB Queries
------------------------------  -----  ---------  --------  ----------  --------------  -------------------  ----------------------
/opt/airflow/dags/paxpe_dag.py                           1           0  0.07s           2024-08-27T20:12:19                      12
================================================================================
[2024-08-27T20:13:05.906+0000] {manager.py:997} INFO - 
================================================================================
DAG File Processing Stats

File Path                       PID    Runtime      # DAGs    # Errors  Last Runtime    Last Run               Last # of DB Queries
------------------------------  -----  ---------  --------  ----------  --------------  -------------------  ----------------------
/opt/airflow/dags/paxpe_dag.py                           1           0  0.06s           2024-08-27T20:12:49                      12
================================================================================
[2024-08-27T20:13:36.052+0000] {manager.py:997} INFO - 
================================================================================
DAG File Processing Stats

File Path                       PID    Runtime      # DAGs    # Errors  Last Runtime    Last Run               Last # of DB Queries
------------------------------  -----  ---------  --------  ----------  --------------  -------------------  ----------------------
/opt/airflow/dags/paxpe_dag.py                           1           0  0.07s           2024-08-27T20:13:20                      12
================================================================================
[2024-08-27T20:14:06.221+0000] {manager.py:997} INFO - 
================================================================================
DAG File Processing Stats

File Path                       PID    Runtime      # DAGs    # Errors  Last Runtime    Last Run               Last # of DB Queries
------------------------------  -----  ---------  --------  ----------  --------------  -------------------  ----------------------
/opt/airflow/dags/paxpe_dag.py                           1           0  0.06s           2024-08-27T20:13:50                      12
================================================================================
[2024-08-27T20:14:36.365+0000] {manager.py:997} INFO - 
================================================================================
DAG File Processing Stats

File Path                       PID    Runtime      # DAGs    # Errors  Last Runtime    Last Run               Last # of DB Queries
------------------------------  -----  ---------  --------  ----------  --------------  -------------------  ----------------------
/opt/airflow/dags/paxpe_dag.py                           1           0  0.07s           2024-08-27T20:14:20                      12
================================================================================
[2024-08-27T20:15:03.518+0000] {manager.py:821} INFO - Searching for files in /opt/airflow/dags
[2024-08-27T20:15:03.535+0000] {manager.py:824} INFO - There are 1 files in /opt/airflow/dags
[2024-08-27T20:15:06.556+0000] {manager.py:997} INFO - 
================================================================================
DAG File Processing Stats

File Path                       PID    Runtime      # DAGs    # Errors  Last Runtime    Last Run               Last # of DB Queries
------------------------------  -----  ---------  --------  ----------  --------------  -------------------  ----------------------
/opt/airflow/dags/paxpe_dag.py                           1           0  0.06s           2024-08-27T20:14:50                      12
================================================================================
[2024-08-27T20:15:36.700+0000] {manager.py:997} INFO - 
================================================================================
DAG File Processing Stats

File Path                       PID    Runtime      # DAGs    # Errors  Last Runtime    Last Run               Last # of DB Queries
------------------------------  -----  ---------  --------  ----------  --------------  -------------------  ----------------------
/opt/airflow/dags/paxpe_dag.py                           1           0  0.07s           2024-08-27T20:15:20                      12
================================================================================
[2024-08-27T20:15:59.713+0000] {manager.py:465} INFO - Exiting gracefully upon receiving signal 15
