[2024-09-29T15:56:02.829+0000] {processor.py:186} INFO - Started process (PID=71) to work on /opt/airflow/dags/paxpe_dag.py
[2024-09-29T15:56:02.830+0000] {processor.py:914} INFO - Processing file /opt/airflow/dags/paxpe_dag.py for tasks to queue
[2024-09-29T15:56:02.831+0000] {logging_mixin.py:190} INFO - [2024-09-29T15:56:02.831+0000] {dagbag.py:587} INFO - Filling up the DagBag from /opt/airflow/dags/paxpe_dag.py
[2024-09-29T15:56:02.842+0000] {processor.py:925} INFO - DAG(s) 'paxpe_dag' retrieved from /opt/airflow/dags/paxpe_dag.py
[2024-09-29T15:56:02.858+0000] {logging_mixin.py:190} INFO - [2024-09-29T15:56:02.858+0000] {dag.py:3211} INFO - Sync 1 DAGs
[2024-09-29T15:56:02.871+0000] {logging_mixin.py:190} INFO - [2024-09-29T15:56:02.871+0000] {dag.py:4138} INFO - Setting next_dagrun for paxpe_dag to 2024-09-29T03:00:00+00:00, run_after=2024-09-30T03:00:00+00:00
[2024-09-29T15:56:02.881+0000] {processor.py:208} INFO - Processing /opt/airflow/dags/paxpe_dag.py took 0.054 seconds
[2024-09-29T15:56:32.988+0000] {processor.py:186} INFO - Started process (PID=80) to work on /opt/airflow/dags/paxpe_dag.py
[2024-09-29T15:56:32.989+0000] {processor.py:914} INFO - Processing file /opt/airflow/dags/paxpe_dag.py for tasks to queue
[2024-09-29T15:56:32.990+0000] {logging_mixin.py:190} INFO - [2024-09-29T15:56:32.990+0000] {dagbag.py:587} INFO - Filling up the DagBag from /opt/airflow/dags/paxpe_dag.py
[2024-09-29T15:56:33.001+0000] {processor.py:925} INFO - DAG(s) 'paxpe_dag' retrieved from /opt/airflow/dags/paxpe_dag.py
[2024-09-29T15:56:33.016+0000] {logging_mixin.py:190} INFO - [2024-09-29T15:56:33.015+0000] {dag.py:3211} INFO - Sync 1 DAGs
[2024-09-29T15:56:33.029+0000] {logging_mixin.py:190} INFO - [2024-09-29T15:56:33.028+0000] {dag.py:4138} INFO - Setting next_dagrun for paxpe_dag to 2024-09-29T03:00:00+00:00, run_after=2024-09-30T03:00:00+00:00
[2024-09-29T15:56:33.038+0000] {processor.py:208} INFO - Processing /opt/airflow/dags/paxpe_dag.py took 0.053 seconds
[2024-09-29T15:57:03.173+0000] {processor.py:186} INFO - Started process (PID=88) to work on /opt/airflow/dags/paxpe_dag.py
[2024-09-29T15:57:03.186+0000] {processor.py:914} INFO - Processing file /opt/airflow/dags/paxpe_dag.py for tasks to queue
[2024-09-29T15:57:03.189+0000] {logging_mixin.py:190} INFO - [2024-09-29T15:57:03.189+0000] {dagbag.py:587} INFO - Filling up the DagBag from /opt/airflow/dags/paxpe_dag.py
[2024-09-29T15:57:03.237+0000] {processor.py:925} INFO - DAG(s) 'paxpe_dag' retrieved from /opt/airflow/dags/paxpe_dag.py
[2024-09-29T15:57:03.271+0000] {logging_mixin.py:190} INFO - [2024-09-29T15:57:03.270+0000] {dag.py:3211} INFO - Sync 1 DAGs
[2024-09-29T15:57:03.334+0000] {logging_mixin.py:190} INFO - [2024-09-29T15:57:03.334+0000] {dag.py:4138} INFO - Setting next_dagrun for paxpe_dag to 2024-09-29T03:00:00+00:00, run_after=2024-09-30T03:00:00+00:00
[2024-09-29T15:57:03.351+0000] {processor.py:208} INFO - Processing /opt/airflow/dags/paxpe_dag.py took 0.183 seconds
[2024-09-29T15:57:33.500+0000] {processor.py:186} INFO - Started process (PID=96) to work on /opt/airflow/dags/paxpe_dag.py
[2024-09-29T15:57:33.500+0000] {processor.py:914} INFO - Processing file /opt/airflow/dags/paxpe_dag.py for tasks to queue
[2024-09-29T15:57:33.502+0000] {logging_mixin.py:190} INFO - [2024-09-29T15:57:33.502+0000] {dagbag.py:587} INFO - Filling up the DagBag from /opt/airflow/dags/paxpe_dag.py
[2024-09-29T15:57:33.516+0000] {processor.py:925} INFO - DAG(s) 'paxpe_dag' retrieved from /opt/airflow/dags/paxpe_dag.py
[2024-09-29T15:57:33.531+0000] {logging_mixin.py:190} INFO - [2024-09-29T15:57:33.531+0000] {dag.py:3211} INFO - Sync 1 DAGs
[2024-09-29T15:57:33.544+0000] {logging_mixin.py:190} INFO - [2024-09-29T15:57:33.544+0000] {dag.py:4138} INFO - Setting next_dagrun for paxpe_dag to 2024-09-29T03:00:00+00:00, run_after=2024-09-30T03:00:00+00:00
[2024-09-29T15:57:33.554+0000] {processor.py:208} INFO - Processing /opt/airflow/dags/paxpe_dag.py took 0.058 seconds
[2024-09-29T15:58:03.640+0000] {processor.py:186} INFO - Started process (PID=105) to work on /opt/airflow/dags/paxpe_dag.py
[2024-09-29T15:58:03.641+0000] {processor.py:914} INFO - Processing file /opt/airflow/dags/paxpe_dag.py for tasks to queue
[2024-09-29T15:58:03.642+0000] {logging_mixin.py:190} INFO - [2024-09-29T15:58:03.642+0000] {dagbag.py:587} INFO - Filling up the DagBag from /opt/airflow/dags/paxpe_dag.py
[2024-09-29T15:58:03.653+0000] {processor.py:925} INFO - DAG(s) 'paxpe_dag' retrieved from /opt/airflow/dags/paxpe_dag.py
[2024-09-29T15:58:03.668+0000] {logging_mixin.py:190} INFO - [2024-09-29T15:58:03.668+0000] {dag.py:3211} INFO - Sync 1 DAGs
[2024-09-29T15:58:03.682+0000] {logging_mixin.py:190} INFO - [2024-09-29T15:58:03.682+0000] {dag.py:4138} INFO - Setting next_dagrun for paxpe_dag to 2024-09-29T03:00:00+00:00, run_after=2024-09-30T03:00:00+00:00
[2024-09-29T15:58:03.692+0000] {processor.py:208} INFO - Processing /opt/airflow/dags/paxpe_dag.py took 0.056 seconds
[2024-09-29T15:58:33.813+0000] {processor.py:186} INFO - Started process (PID=113) to work on /opt/airflow/dags/paxpe_dag.py
[2024-09-29T15:58:33.814+0000] {processor.py:914} INFO - Processing file /opt/airflow/dags/paxpe_dag.py for tasks to queue
[2024-09-29T15:58:33.815+0000] {logging_mixin.py:190} INFO - [2024-09-29T15:58:33.815+0000] {dagbag.py:587} INFO - Filling up the DagBag from /opt/airflow/dags/paxpe_dag.py
[2024-09-29T15:58:33.826+0000] {processor.py:925} INFO - DAG(s) 'paxpe_dag' retrieved from /opt/airflow/dags/paxpe_dag.py
[2024-09-29T15:58:33.840+0000] {logging_mixin.py:190} INFO - [2024-09-29T15:58:33.839+0000] {dag.py:3211} INFO - Sync 1 DAGs
[2024-09-29T15:58:33.852+0000] {logging_mixin.py:190} INFO - [2024-09-29T15:58:33.852+0000] {dag.py:4138} INFO - Setting next_dagrun for paxpe_dag to 2024-09-29T03:00:00+00:00, run_after=2024-09-30T03:00:00+00:00
[2024-09-29T15:58:33.862+0000] {processor.py:208} INFO - Processing /opt/airflow/dags/paxpe_dag.py took 0.052 seconds
[2024-09-29T15:59:04.004+0000] {processor.py:186} INFO - Started process (PID=121) to work on /opt/airflow/dags/paxpe_dag.py
[2024-09-29T15:59:04.005+0000] {processor.py:914} INFO - Processing file /opt/airflow/dags/paxpe_dag.py for tasks to queue
[2024-09-29T15:59:04.010+0000] {logging_mixin.py:190} INFO - [2024-09-29T15:59:04.008+0000] {dagbag.py:587} INFO - Filling up the DagBag from /opt/airflow/dags/paxpe_dag.py
[2024-09-29T15:59:04.027+0000] {processor.py:925} INFO - DAG(s) 'paxpe_dag' retrieved from /opt/airflow/dags/paxpe_dag.py
[2024-09-29T15:59:04.047+0000] {logging_mixin.py:190} INFO - [2024-09-29T15:59:04.046+0000] {dag.py:3211} INFO - Sync 1 DAGs
[2024-09-29T15:59:04.082+0000] {logging_mixin.py:190} INFO - [2024-09-29T15:59:04.081+0000] {dag.py:4138} INFO - Setting next_dagrun for paxpe_dag to 2024-09-29T03:00:00+00:00, run_after=2024-09-30T03:00:00+00:00
[2024-09-29T15:59:04.115+0000] {processor.py:208} INFO - Processing /opt/airflow/dags/paxpe_dag.py took 0.120 seconds
[2024-09-29T15:59:34.157+0000] {processor.py:186} INFO - Started process (PID=129) to work on /opt/airflow/dags/paxpe_dag.py
[2024-09-29T15:59:34.158+0000] {processor.py:914} INFO - Processing file /opt/airflow/dags/paxpe_dag.py for tasks to queue
[2024-09-29T15:59:34.159+0000] {logging_mixin.py:190} INFO - [2024-09-29T15:59:34.159+0000] {dagbag.py:587} INFO - Filling up the DagBag from /opt/airflow/dags/paxpe_dag.py
[2024-09-29T15:59:34.176+0000] {processor.py:925} INFO - DAG(s) 'paxpe_dag' retrieved from /opt/airflow/dags/paxpe_dag.py
[2024-09-29T15:59:34.195+0000] {logging_mixin.py:190} INFO - [2024-09-29T15:59:34.194+0000] {dag.py:3211} INFO - Sync 1 DAGs
[2024-09-29T15:59:34.216+0000] {logging_mixin.py:190} INFO - [2024-09-29T15:59:34.216+0000] {dag.py:4138} INFO - Setting next_dagrun for paxpe_dag to 2024-09-29T03:00:00+00:00, run_after=2024-09-30T03:00:00+00:00
[2024-09-29T15:59:34.230+0000] {processor.py:208} INFO - Processing /opt/airflow/dags/paxpe_dag.py took 0.077 seconds
[2024-09-29T16:00:04.298+0000] {processor.py:186} INFO - Started process (PID=137) to work on /opt/airflow/dags/paxpe_dag.py
[2024-09-29T16:00:04.299+0000] {processor.py:914} INFO - Processing file /opt/airflow/dags/paxpe_dag.py for tasks to queue
[2024-09-29T16:00:04.301+0000] {logging_mixin.py:190} INFO - [2024-09-29T16:00:04.301+0000] {dagbag.py:587} INFO - Filling up the DagBag from /opt/airflow/dags/paxpe_dag.py
[2024-09-29T16:00:04.312+0000] {processor.py:925} INFO - DAG(s) 'paxpe_dag' retrieved from /opt/airflow/dags/paxpe_dag.py
[2024-09-29T16:00:04.341+0000] {logging_mixin.py:190} INFO - [2024-09-29T16:00:04.341+0000] {dag.py:3211} INFO - Sync 1 DAGs
[2024-09-29T16:00:04.355+0000] {logging_mixin.py:190} INFO - [2024-09-29T16:00:04.355+0000] {dag.py:4138} INFO - Setting next_dagrun for paxpe_dag to 2024-09-29T03:00:00+00:00, run_after=2024-09-30T03:00:00+00:00
[2024-09-29T16:00:04.364+0000] {processor.py:208} INFO - Processing /opt/airflow/dags/paxpe_dag.py took 0.069 seconds
[2024-09-29T16:00:34.497+0000] {processor.py:186} INFO - Started process (PID=145) to work on /opt/airflow/dags/paxpe_dag.py
[2024-09-29T16:00:34.498+0000] {processor.py:914} INFO - Processing file /opt/airflow/dags/paxpe_dag.py for tasks to queue
[2024-09-29T16:00:34.500+0000] {logging_mixin.py:190} INFO - [2024-09-29T16:00:34.500+0000] {dagbag.py:587} INFO - Filling up the DagBag from /opt/airflow/dags/paxpe_dag.py
[2024-09-29T16:00:34.512+0000] {processor.py:925} INFO - DAG(s) 'paxpe_dag' retrieved from /opt/airflow/dags/paxpe_dag.py
[2024-09-29T16:00:34.525+0000] {logging_mixin.py:190} INFO - [2024-09-29T16:00:34.525+0000] {dag.py:3211} INFO - Sync 1 DAGs
[2024-09-29T16:00:34.538+0000] {logging_mixin.py:190} INFO - [2024-09-29T16:00:34.538+0000] {dag.py:4138} INFO - Setting next_dagrun for paxpe_dag to 2024-09-29T03:00:00+00:00, run_after=2024-09-30T03:00:00+00:00
[2024-09-29T16:00:34.548+0000] {processor.py:208} INFO - Processing /opt/airflow/dags/paxpe_dag.py took 0.054 seconds
[2024-09-29T16:01:04.669+0000] {processor.py:186} INFO - Started process (PID=153) to work on /opt/airflow/dags/paxpe_dag.py
[2024-09-29T16:01:04.669+0000] {processor.py:914} INFO - Processing file /opt/airflow/dags/paxpe_dag.py for tasks to queue
[2024-09-29T16:01:04.671+0000] {logging_mixin.py:190} INFO - [2024-09-29T16:01:04.671+0000] {dagbag.py:587} INFO - Filling up the DagBag from /opt/airflow/dags/paxpe_dag.py
[2024-09-29T16:01:04.681+0000] {processor.py:925} INFO - DAG(s) 'paxpe_dag' retrieved from /opt/airflow/dags/paxpe_dag.py
[2024-09-29T16:01:04.693+0000] {logging_mixin.py:190} INFO - [2024-09-29T16:01:04.693+0000] {dag.py:3211} INFO - Sync 1 DAGs
[2024-09-29T16:01:04.706+0000] {logging_mixin.py:190} INFO - [2024-09-29T16:01:04.706+0000] {dag.py:4138} INFO - Setting next_dagrun for paxpe_dag to 2024-09-29T03:00:00+00:00, run_after=2024-09-30T03:00:00+00:00
[2024-09-29T16:01:04.716+0000] {processor.py:208} INFO - Processing /opt/airflow/dags/paxpe_dag.py took 0.050 seconds
[2024-09-29T16:01:34.821+0000] {processor.py:186} INFO - Started process (PID=161) to work on /opt/airflow/dags/paxpe_dag.py
[2024-09-29T16:01:34.821+0000] {processor.py:914} INFO - Processing file /opt/airflow/dags/paxpe_dag.py for tasks to queue
[2024-09-29T16:01:34.823+0000] {logging_mixin.py:190} INFO - [2024-09-29T16:01:34.823+0000] {dagbag.py:587} INFO - Filling up the DagBag from /opt/airflow/dags/paxpe_dag.py
[2024-09-29T16:01:34.833+0000] {processor.py:925} INFO - DAG(s) 'paxpe_dag' retrieved from /opt/airflow/dags/paxpe_dag.py
[2024-09-29T16:01:34.845+0000] {logging_mixin.py:190} INFO - [2024-09-29T16:01:34.845+0000] {dag.py:3211} INFO - Sync 1 DAGs
[2024-09-29T16:01:34.859+0000] {logging_mixin.py:190} INFO - [2024-09-29T16:01:34.858+0000] {dag.py:4138} INFO - Setting next_dagrun for paxpe_dag to 2024-09-29T03:00:00+00:00, run_after=2024-09-30T03:00:00+00:00
[2024-09-29T16:01:34.867+0000] {processor.py:208} INFO - Processing /opt/airflow/dags/paxpe_dag.py took 0.050 seconds
[2024-09-29T16:02:04.975+0000] {processor.py:186} INFO - Started process (PID=169) to work on /opt/airflow/dags/paxpe_dag.py
[2024-09-29T16:02:04.975+0000] {processor.py:914} INFO - Processing file /opt/airflow/dags/paxpe_dag.py for tasks to queue
[2024-09-29T16:02:04.977+0000] {logging_mixin.py:190} INFO - [2024-09-29T16:02:04.977+0000] {dagbag.py:587} INFO - Filling up the DagBag from /opt/airflow/dags/paxpe_dag.py
[2024-09-29T16:02:04.988+0000] {processor.py:925} INFO - DAG(s) 'paxpe_dag' retrieved from /opt/airflow/dags/paxpe_dag.py
[2024-09-29T16:02:05.001+0000] {logging_mixin.py:190} INFO - [2024-09-29T16:02:05.001+0000] {dag.py:3211} INFO - Sync 1 DAGs
[2024-09-29T16:02:05.014+0000] {logging_mixin.py:190} INFO - [2024-09-29T16:02:05.014+0000] {dag.py:4138} INFO - Setting next_dagrun for paxpe_dag to 2024-09-29T03:00:00+00:00, run_after=2024-09-30T03:00:00+00:00
[2024-09-29T16:02:05.023+0000] {processor.py:208} INFO - Processing /opt/airflow/dags/paxpe_dag.py took 0.052 seconds
[2024-09-29T16:02:35.123+0000] {processor.py:186} INFO - Started process (PID=177) to work on /opt/airflow/dags/paxpe_dag.py
[2024-09-29T16:02:35.124+0000] {processor.py:914} INFO - Processing file /opt/airflow/dags/paxpe_dag.py for tasks to queue
[2024-09-29T16:02:35.126+0000] {logging_mixin.py:190} INFO - [2024-09-29T16:02:35.125+0000] {dagbag.py:587} INFO - Filling up the DagBag from /opt/airflow/dags/paxpe_dag.py
[2024-09-29T16:02:35.137+0000] {processor.py:925} INFO - DAG(s) 'paxpe_dag' retrieved from /opt/airflow/dags/paxpe_dag.py
[2024-09-29T16:02:35.151+0000] {logging_mixin.py:190} INFO - [2024-09-29T16:02:35.151+0000] {dag.py:3211} INFO - Sync 1 DAGs
[2024-09-29T16:02:35.165+0000] {logging_mixin.py:190} INFO - [2024-09-29T16:02:35.164+0000] {dag.py:4138} INFO - Setting next_dagrun for paxpe_dag to 2024-09-29T03:00:00+00:00, run_after=2024-09-30T03:00:00+00:00
[2024-09-29T16:02:35.174+0000] {processor.py:208} INFO - Processing /opt/airflow/dags/paxpe_dag.py took 0.055 seconds
[2024-09-29T16:03:05.274+0000] {processor.py:186} INFO - Started process (PID=185) to work on /opt/airflow/dags/paxpe_dag.py
[2024-09-29T16:03:05.274+0000] {processor.py:914} INFO - Processing file /opt/airflow/dags/paxpe_dag.py for tasks to queue
[2024-09-29T16:03:05.276+0000] {logging_mixin.py:190} INFO - [2024-09-29T16:03:05.276+0000] {dagbag.py:587} INFO - Filling up the DagBag from /opt/airflow/dags/paxpe_dag.py
[2024-09-29T16:03:05.288+0000] {processor.py:925} INFO - DAG(s) 'paxpe_dag' retrieved from /opt/airflow/dags/paxpe_dag.py
[2024-09-29T16:03:05.301+0000] {logging_mixin.py:190} INFO - [2024-09-29T16:03:05.301+0000] {dag.py:3211} INFO - Sync 1 DAGs
[2024-09-29T16:03:05.315+0000] {logging_mixin.py:190} INFO - [2024-09-29T16:03:05.315+0000] {dag.py:4138} INFO - Setting next_dagrun for paxpe_dag to 2024-09-29T03:00:00+00:00, run_after=2024-09-30T03:00:00+00:00
[2024-09-29T16:03:05.325+0000] {processor.py:208} INFO - Processing /opt/airflow/dags/paxpe_dag.py took 0.055 seconds
[2024-09-29T16:03:35.428+0000] {processor.py:186} INFO - Started process (PID=193) to work on /opt/airflow/dags/paxpe_dag.py
[2024-09-29T16:03:35.429+0000] {processor.py:914} INFO - Processing file /opt/airflow/dags/paxpe_dag.py for tasks to queue
[2024-09-29T16:03:35.430+0000] {logging_mixin.py:190} INFO - [2024-09-29T16:03:35.430+0000] {dagbag.py:587} INFO - Filling up the DagBag from /opt/airflow/dags/paxpe_dag.py
[2024-09-29T16:03:35.443+0000] {processor.py:925} INFO - DAG(s) 'paxpe_dag' retrieved from /opt/airflow/dags/paxpe_dag.py
[2024-09-29T16:03:35.458+0000] {logging_mixin.py:190} INFO - [2024-09-29T16:03:35.457+0000] {dag.py:3211} INFO - Sync 1 DAGs
[2024-09-29T16:03:35.472+0000] {logging_mixin.py:190} INFO - [2024-09-29T16:03:35.471+0000] {dag.py:4138} INFO - Setting next_dagrun for paxpe_dag to 2024-09-29T03:00:00+00:00, run_after=2024-09-30T03:00:00+00:00
[2024-09-29T16:03:35.482+0000] {processor.py:208} INFO - Processing /opt/airflow/dags/paxpe_dag.py took 0.057 seconds
[2024-09-29T16:04:05.581+0000] {processor.py:186} INFO - Started process (PID=201) to work on /opt/airflow/dags/paxpe_dag.py
[2024-09-29T16:04:05.582+0000] {processor.py:914} INFO - Processing file /opt/airflow/dags/paxpe_dag.py for tasks to queue
[2024-09-29T16:04:05.584+0000] {logging_mixin.py:190} INFO - [2024-09-29T16:04:05.584+0000] {dagbag.py:587} INFO - Filling up the DagBag from /opt/airflow/dags/paxpe_dag.py
[2024-09-29T16:04:05.595+0000] {processor.py:925} INFO - DAG(s) 'paxpe_dag' retrieved from /opt/airflow/dags/paxpe_dag.py
[2024-09-29T16:04:05.608+0000] {logging_mixin.py:190} INFO - [2024-09-29T16:04:05.608+0000] {dag.py:3211} INFO - Sync 1 DAGs
[2024-09-29T16:04:05.620+0000] {logging_mixin.py:190} INFO - [2024-09-29T16:04:05.620+0000] {dag.py:4138} INFO - Setting next_dagrun for paxpe_dag to 2024-09-29T03:00:00+00:00, run_after=2024-09-30T03:00:00+00:00
[2024-09-29T16:04:05.630+0000] {processor.py:208} INFO - Processing /opt/airflow/dags/paxpe_dag.py took 0.052 seconds
[2024-09-29T16:04:35.741+0000] {processor.py:186} INFO - Started process (PID=209) to work on /opt/airflow/dags/paxpe_dag.py
[2024-09-29T16:04:35.742+0000] {processor.py:914} INFO - Processing file /opt/airflow/dags/paxpe_dag.py for tasks to queue
[2024-09-29T16:04:35.744+0000] {logging_mixin.py:190} INFO - [2024-09-29T16:04:35.744+0000] {dagbag.py:587} INFO - Filling up the DagBag from /opt/airflow/dags/paxpe_dag.py
[2024-09-29T16:04:35.755+0000] {processor.py:925} INFO - DAG(s) 'paxpe_dag' retrieved from /opt/airflow/dags/paxpe_dag.py
[2024-09-29T16:04:35.769+0000] {logging_mixin.py:190} INFO - [2024-09-29T16:04:35.769+0000] {dag.py:3211} INFO - Sync 1 DAGs
[2024-09-29T16:04:35.783+0000] {logging_mixin.py:190} INFO - [2024-09-29T16:04:35.783+0000] {dag.py:4138} INFO - Setting next_dagrun for paxpe_dag to 2024-09-29T03:00:00+00:00, run_after=2024-09-30T03:00:00+00:00
[2024-09-29T16:04:35.793+0000] {processor.py:208} INFO - Processing /opt/airflow/dags/paxpe_dag.py took 0.055 seconds
[2024-09-29T16:05:05.894+0000] {processor.py:186} INFO - Started process (PID=217) to work on /opt/airflow/dags/paxpe_dag.py
[2024-09-29T16:05:05.894+0000] {processor.py:914} INFO - Processing file /opt/airflow/dags/paxpe_dag.py for tasks to queue
[2024-09-29T16:05:05.896+0000] {logging_mixin.py:190} INFO - [2024-09-29T16:05:05.896+0000] {dagbag.py:587} INFO - Filling up the DagBag from /opt/airflow/dags/paxpe_dag.py
[2024-09-29T16:05:05.907+0000] {processor.py:925} INFO - DAG(s) 'paxpe_dag' retrieved from /opt/airflow/dags/paxpe_dag.py
[2024-09-29T16:05:05.919+0000] {logging_mixin.py:190} INFO - [2024-09-29T16:05:05.919+0000] {dag.py:3211} INFO - Sync 1 DAGs
[2024-09-29T16:05:05.932+0000] {logging_mixin.py:190} INFO - [2024-09-29T16:05:05.932+0000] {dag.py:4138} INFO - Setting next_dagrun for paxpe_dag to 2024-09-29T03:00:00+00:00, run_after=2024-09-30T03:00:00+00:00
[2024-09-29T16:05:05.941+0000] {processor.py:208} INFO - Processing /opt/airflow/dags/paxpe_dag.py took 0.051 seconds
[2024-09-29T16:05:36.049+0000] {processor.py:186} INFO - Started process (PID=225) to work on /opt/airflow/dags/paxpe_dag.py
[2024-09-29T16:05:36.050+0000] {processor.py:914} INFO - Processing file /opt/airflow/dags/paxpe_dag.py for tasks to queue
[2024-09-29T16:05:36.051+0000] {logging_mixin.py:190} INFO - [2024-09-29T16:05:36.051+0000] {dagbag.py:587} INFO - Filling up the DagBag from /opt/airflow/dags/paxpe_dag.py
[2024-09-29T16:05:36.064+0000] {processor.py:925} INFO - DAG(s) 'paxpe_dag' retrieved from /opt/airflow/dags/paxpe_dag.py
[2024-09-29T16:05:36.079+0000] {logging_mixin.py:190} INFO - [2024-09-29T16:05:36.079+0000] {dag.py:3211} INFO - Sync 1 DAGs
[2024-09-29T16:05:36.094+0000] {logging_mixin.py:190} INFO - [2024-09-29T16:05:36.094+0000] {dag.py:4138} INFO - Setting next_dagrun for paxpe_dag to 2024-09-29T03:00:00+00:00, run_after=2024-09-30T03:00:00+00:00
[2024-09-29T16:05:36.106+0000] {processor.py:208} INFO - Processing /opt/airflow/dags/paxpe_dag.py took 0.061 seconds
[2024-09-29T16:06:06.213+0000] {processor.py:186} INFO - Started process (PID=233) to work on /opt/airflow/dags/paxpe_dag.py
[2024-09-29T16:06:06.214+0000] {processor.py:914} INFO - Processing file /opt/airflow/dags/paxpe_dag.py for tasks to queue
[2024-09-29T16:06:06.216+0000] {logging_mixin.py:190} INFO - [2024-09-29T16:06:06.216+0000] {dagbag.py:587} INFO - Filling up the DagBag from /opt/airflow/dags/paxpe_dag.py
[2024-09-29T16:06:06.228+0000] {processor.py:925} INFO - DAG(s) 'paxpe_dag' retrieved from /opt/airflow/dags/paxpe_dag.py
[2024-09-29T16:06:06.241+0000] {logging_mixin.py:190} INFO - [2024-09-29T16:06:06.241+0000] {dag.py:3211} INFO - Sync 1 DAGs
[2024-09-29T16:06:06.254+0000] {logging_mixin.py:190} INFO - [2024-09-29T16:06:06.253+0000] {dag.py:4138} INFO - Setting next_dagrun for paxpe_dag to 2024-09-29T03:00:00+00:00, run_after=2024-09-30T03:00:00+00:00
[2024-09-29T16:06:06.263+0000] {processor.py:208} INFO - Processing /opt/airflow/dags/paxpe_dag.py took 0.053 seconds
[2024-09-29T16:06:36.363+0000] {processor.py:186} INFO - Started process (PID=241) to work on /opt/airflow/dags/paxpe_dag.py
[2024-09-29T16:06:36.363+0000] {processor.py:914} INFO - Processing file /opt/airflow/dags/paxpe_dag.py for tasks to queue
[2024-09-29T16:06:36.365+0000] {logging_mixin.py:190} INFO - [2024-09-29T16:06:36.365+0000] {dagbag.py:587} INFO - Filling up the DagBag from /opt/airflow/dags/paxpe_dag.py
[2024-09-29T16:06:36.378+0000] {processor.py:925} INFO - DAG(s) 'paxpe_dag' retrieved from /opt/airflow/dags/paxpe_dag.py
[2024-09-29T16:06:36.393+0000] {logging_mixin.py:190} INFO - [2024-09-29T16:06:36.393+0000] {dag.py:3211} INFO - Sync 1 DAGs
[2024-09-29T16:06:36.408+0000] {logging_mixin.py:190} INFO - [2024-09-29T16:06:36.407+0000] {dag.py:4138} INFO - Setting next_dagrun for paxpe_dag to 2024-09-29T03:00:00+00:00, run_after=2024-09-30T03:00:00+00:00
[2024-09-29T16:06:36.420+0000] {processor.py:208} INFO - Processing /opt/airflow/dags/paxpe_dag.py took 0.061 seconds
[2024-09-29T16:07:06.521+0000] {processor.py:186} INFO - Started process (PID=249) to work on /opt/airflow/dags/paxpe_dag.py
[2024-09-29T16:07:06.522+0000] {processor.py:914} INFO - Processing file /opt/airflow/dags/paxpe_dag.py for tasks to queue
[2024-09-29T16:07:06.524+0000] {logging_mixin.py:190} INFO - [2024-09-29T16:07:06.524+0000] {dagbag.py:587} INFO - Filling up the DagBag from /opt/airflow/dags/paxpe_dag.py
[2024-09-29T16:07:06.536+0000] {processor.py:925} INFO - DAG(s) 'paxpe_dag' retrieved from /opt/airflow/dags/paxpe_dag.py
[2024-09-29T16:07:06.550+0000] {logging_mixin.py:190} INFO - [2024-09-29T16:07:06.550+0000] {dag.py:3211} INFO - Sync 1 DAGs
[2024-09-29T16:07:06.564+0000] {logging_mixin.py:190} INFO - [2024-09-29T16:07:06.564+0000] {dag.py:4138} INFO - Setting next_dagrun for paxpe_dag to 2024-09-29T03:00:00+00:00, run_after=2024-09-30T03:00:00+00:00
[2024-09-29T16:07:06.575+0000] {processor.py:208} INFO - Processing /opt/airflow/dags/paxpe_dag.py took 0.057 seconds
[2024-09-29T16:07:36.672+0000] {processor.py:186} INFO - Started process (PID=257) to work on /opt/airflow/dags/paxpe_dag.py
[2024-09-29T16:07:36.673+0000] {processor.py:914} INFO - Processing file /opt/airflow/dags/paxpe_dag.py for tasks to queue
[2024-09-29T16:07:36.675+0000] {logging_mixin.py:190} INFO - [2024-09-29T16:07:36.675+0000] {dagbag.py:587} INFO - Filling up the DagBag from /opt/airflow/dags/paxpe_dag.py
[2024-09-29T16:07:36.687+0000] {processor.py:925} INFO - DAG(s) 'paxpe_dag' retrieved from /opt/airflow/dags/paxpe_dag.py
[2024-09-29T16:07:36.702+0000] {logging_mixin.py:190} INFO - [2024-09-29T16:07:36.701+0000] {dag.py:3211} INFO - Sync 1 DAGs
[2024-09-29T16:07:36.716+0000] {logging_mixin.py:190} INFO - [2024-09-29T16:07:36.716+0000] {dag.py:4138} INFO - Setting next_dagrun for paxpe_dag to 2024-09-29T03:00:00+00:00, run_after=2024-09-30T03:00:00+00:00
[2024-09-29T16:07:36.726+0000] {processor.py:208} INFO - Processing /opt/airflow/dags/paxpe_dag.py took 0.058 seconds
[2024-09-29T16:08:06.834+0000] {processor.py:186} INFO - Started process (PID=265) to work on /opt/airflow/dags/paxpe_dag.py
[2024-09-29T16:08:06.834+0000] {processor.py:914} INFO - Processing file /opt/airflow/dags/paxpe_dag.py for tasks to queue
[2024-09-29T16:08:06.836+0000] {logging_mixin.py:190} INFO - [2024-09-29T16:08:06.836+0000] {dagbag.py:587} INFO - Filling up the DagBag from /opt/airflow/dags/paxpe_dag.py
[2024-09-29T16:08:06.849+0000] {processor.py:925} INFO - DAG(s) 'paxpe_dag' retrieved from /opt/airflow/dags/paxpe_dag.py
[2024-09-29T16:08:06.864+0000] {logging_mixin.py:190} INFO - [2024-09-29T16:08:06.863+0000] {dag.py:3211} INFO - Sync 1 DAGs
[2024-09-29T16:08:06.877+0000] {logging_mixin.py:190} INFO - [2024-09-29T16:08:06.877+0000] {dag.py:4138} INFO - Setting next_dagrun for paxpe_dag to 2024-09-29T03:00:00+00:00, run_after=2024-09-30T03:00:00+00:00
[2024-09-29T16:08:06.886+0000] {processor.py:208} INFO - Processing /opt/airflow/dags/paxpe_dag.py took 0.057 seconds
[2024-09-29T16:08:36.995+0000] {processor.py:186} INFO - Started process (PID=273) to work on /opt/airflow/dags/paxpe_dag.py
[2024-09-29T16:08:36.995+0000] {processor.py:914} INFO - Processing file /opt/airflow/dags/paxpe_dag.py for tasks to queue
[2024-09-29T16:08:36.997+0000] {logging_mixin.py:190} INFO - [2024-09-29T16:08:36.997+0000] {dagbag.py:587} INFO - Filling up the DagBag from /opt/airflow/dags/paxpe_dag.py
[2024-09-29T16:08:37.009+0000] {processor.py:925} INFO - DAG(s) 'paxpe_dag' retrieved from /opt/airflow/dags/paxpe_dag.py
[2024-09-29T16:08:37.022+0000] {logging_mixin.py:190} INFO - [2024-09-29T16:08:37.022+0000] {dag.py:3211} INFO - Sync 1 DAGs
[2024-09-29T16:08:37.035+0000] {logging_mixin.py:190} INFO - [2024-09-29T16:08:37.034+0000] {dag.py:4138} INFO - Setting next_dagrun for paxpe_dag to 2024-09-29T03:00:00+00:00, run_after=2024-09-30T03:00:00+00:00
[2024-09-29T16:08:37.043+0000] {processor.py:208} INFO - Processing /opt/airflow/dags/paxpe_dag.py took 0.052 seconds
[2024-09-29T16:09:07.143+0000] {processor.py:186} INFO - Started process (PID=281) to work on /opt/airflow/dags/paxpe_dag.py
[2024-09-29T16:09:07.144+0000] {processor.py:914} INFO - Processing file /opt/airflow/dags/paxpe_dag.py for tasks to queue
[2024-09-29T16:09:07.146+0000] {logging_mixin.py:190} INFO - [2024-09-29T16:09:07.146+0000] {dagbag.py:587} INFO - Filling up the DagBag from /opt/airflow/dags/paxpe_dag.py
[2024-09-29T16:09:07.158+0000] {processor.py:925} INFO - DAG(s) 'paxpe_dag' retrieved from /opt/airflow/dags/paxpe_dag.py
[2024-09-29T16:09:07.171+0000] {logging_mixin.py:190} INFO - [2024-09-29T16:09:07.171+0000] {dag.py:3211} INFO - Sync 1 DAGs
[2024-09-29T16:09:07.184+0000] {logging_mixin.py:190} INFO - [2024-09-29T16:09:07.184+0000] {dag.py:4138} INFO - Setting next_dagrun for paxpe_dag to 2024-09-29T03:00:00+00:00, run_after=2024-09-30T03:00:00+00:00
[2024-09-29T16:09:07.193+0000] {processor.py:208} INFO - Processing /opt/airflow/dags/paxpe_dag.py took 0.054 seconds
[2024-09-29T16:09:37.303+0000] {processor.py:186} INFO - Started process (PID=289) to work on /opt/airflow/dags/paxpe_dag.py
[2024-09-29T16:09:37.303+0000] {processor.py:914} INFO - Processing file /opt/airflow/dags/paxpe_dag.py for tasks to queue
[2024-09-29T16:09:37.305+0000] {logging_mixin.py:190} INFO - [2024-09-29T16:09:37.305+0000] {dagbag.py:587} INFO - Filling up the DagBag from /opt/airflow/dags/paxpe_dag.py
[2024-09-29T16:09:37.316+0000] {processor.py:925} INFO - DAG(s) 'paxpe_dag' retrieved from /opt/airflow/dags/paxpe_dag.py
[2024-09-29T16:09:37.329+0000] {logging_mixin.py:190} INFO - [2024-09-29T16:09:37.329+0000] {dag.py:3211} INFO - Sync 1 DAGs
[2024-09-29T16:09:37.342+0000] {logging_mixin.py:190} INFO - [2024-09-29T16:09:37.342+0000] {dag.py:4138} INFO - Setting next_dagrun for paxpe_dag to 2024-09-29T03:00:00+00:00, run_after=2024-09-30T03:00:00+00:00
[2024-09-29T16:09:37.351+0000] {processor.py:208} INFO - Processing /opt/airflow/dags/paxpe_dag.py took 0.052 seconds
[2024-09-29T16:10:07.453+0000] {processor.py:186} INFO - Started process (PID=297) to work on /opt/airflow/dags/paxpe_dag.py
[2024-09-29T16:10:07.454+0000] {processor.py:914} INFO - Processing file /opt/airflow/dags/paxpe_dag.py for tasks to queue
[2024-09-29T16:10:07.456+0000] {logging_mixin.py:190} INFO - [2024-09-29T16:10:07.455+0000] {dagbag.py:587} INFO - Filling up the DagBag from /opt/airflow/dags/paxpe_dag.py
[2024-09-29T16:10:07.466+0000] {processor.py:925} INFO - DAG(s) 'paxpe_dag' retrieved from /opt/airflow/dags/paxpe_dag.py
[2024-09-29T16:10:07.480+0000] {logging_mixin.py:190} INFO - [2024-09-29T16:10:07.480+0000] {dag.py:3211} INFO - Sync 1 DAGs
[2024-09-29T16:10:07.493+0000] {logging_mixin.py:190} INFO - [2024-09-29T16:10:07.493+0000] {dag.py:4138} INFO - Setting next_dagrun for paxpe_dag to 2024-09-29T03:00:00+00:00, run_after=2024-09-30T03:00:00+00:00
[2024-09-29T16:10:07.504+0000] {processor.py:208} INFO - Processing /opt/airflow/dags/paxpe_dag.py took 0.054 seconds
[2024-09-29T16:10:37.619+0000] {processor.py:186} INFO - Started process (PID=305) to work on /opt/airflow/dags/paxpe_dag.py
[2024-09-29T16:10:37.620+0000] {processor.py:914} INFO - Processing file /opt/airflow/dags/paxpe_dag.py for tasks to queue
[2024-09-29T16:10:37.622+0000] {logging_mixin.py:190} INFO - [2024-09-29T16:10:37.621+0000] {dagbag.py:587} INFO - Filling up the DagBag from /opt/airflow/dags/paxpe_dag.py
[2024-09-29T16:10:37.634+0000] {processor.py:925} INFO - DAG(s) 'paxpe_dag' retrieved from /opt/airflow/dags/paxpe_dag.py
[2024-09-29T16:10:37.648+0000] {logging_mixin.py:190} INFO - [2024-09-29T16:10:37.648+0000] {dag.py:3211} INFO - Sync 1 DAGs
[2024-09-29T16:10:37.661+0000] {logging_mixin.py:190} INFO - [2024-09-29T16:10:37.661+0000] {dag.py:4138} INFO - Setting next_dagrun for paxpe_dag to 2024-09-29T03:00:00+00:00, run_after=2024-09-30T03:00:00+00:00
[2024-09-29T16:10:37.671+0000] {processor.py:208} INFO - Processing /opt/airflow/dags/paxpe_dag.py took 0.055 seconds
[2024-09-29T16:11:07.797+0000] {processor.py:186} INFO - Started process (PID=313) to work on /opt/airflow/dags/paxpe_dag.py
[2024-09-29T16:11:07.798+0000] {processor.py:914} INFO - Processing file /opt/airflow/dags/paxpe_dag.py for tasks to queue
[2024-09-29T16:11:07.799+0000] {logging_mixin.py:190} INFO - [2024-09-29T16:11:07.799+0000] {dagbag.py:587} INFO - Filling up the DagBag from /opt/airflow/dags/paxpe_dag.py
[2024-09-29T16:11:07.810+0000] {processor.py:925} INFO - DAG(s) 'paxpe_dag' retrieved from /opt/airflow/dags/paxpe_dag.py
[2024-09-29T16:11:07.824+0000] {logging_mixin.py:190} INFO - [2024-09-29T16:11:07.824+0000] {dag.py:3211} INFO - Sync 1 DAGs
[2024-09-29T16:11:07.839+0000] {logging_mixin.py:190} INFO - [2024-09-29T16:11:07.839+0000] {dag.py:4138} INFO - Setting next_dagrun for paxpe_dag to 2024-09-29T03:00:00+00:00, run_after=2024-09-30T03:00:00+00:00
[2024-09-29T16:11:07.850+0000] {processor.py:208} INFO - Processing /opt/airflow/dags/paxpe_dag.py took 0.057 seconds
[2024-09-29T16:11:37.943+0000] {processor.py:186} INFO - Started process (PID=321) to work on /opt/airflow/dags/paxpe_dag.py
[2024-09-29T16:11:37.943+0000] {processor.py:914} INFO - Processing file /opt/airflow/dags/paxpe_dag.py for tasks to queue
[2024-09-29T16:11:37.945+0000] {logging_mixin.py:190} INFO - [2024-09-29T16:11:37.945+0000] {dagbag.py:587} INFO - Filling up the DagBag from /opt/airflow/dags/paxpe_dag.py
[2024-09-29T16:11:37.957+0000] {processor.py:925} INFO - DAG(s) 'paxpe_dag' retrieved from /opt/airflow/dags/paxpe_dag.py
[2024-09-29T16:11:37.970+0000] {logging_mixin.py:190} INFO - [2024-09-29T16:11:37.970+0000] {dag.py:3211} INFO - Sync 1 DAGs
[2024-09-29T16:11:37.983+0000] {logging_mixin.py:190} INFO - [2024-09-29T16:11:37.983+0000] {dag.py:4138} INFO - Setting next_dagrun for paxpe_dag to 2024-09-29T03:00:00+00:00, run_after=2024-09-30T03:00:00+00:00
[2024-09-29T16:11:37.992+0000] {processor.py:208} INFO - Processing /opt/airflow/dags/paxpe_dag.py took 0.053 seconds
[2024-09-29T16:12:08.108+0000] {processor.py:186} INFO - Started process (PID=329) to work on /opt/airflow/dags/paxpe_dag.py
[2024-09-29T16:12:08.108+0000] {processor.py:914} INFO - Processing file /opt/airflow/dags/paxpe_dag.py for tasks to queue
[2024-09-29T16:12:08.110+0000] {logging_mixin.py:190} INFO - [2024-09-29T16:12:08.110+0000] {dagbag.py:587} INFO - Filling up the DagBag from /opt/airflow/dags/paxpe_dag.py
[2024-09-29T16:12:08.122+0000] {processor.py:925} INFO - DAG(s) 'paxpe_dag' retrieved from /opt/airflow/dags/paxpe_dag.py
[2024-09-29T16:12:08.136+0000] {logging_mixin.py:190} INFO - [2024-09-29T16:12:08.136+0000] {dag.py:3211} INFO - Sync 1 DAGs
[2024-09-29T16:12:08.150+0000] {logging_mixin.py:190} INFO - [2024-09-29T16:12:08.150+0000] {dag.py:4138} INFO - Setting next_dagrun for paxpe_dag to 2024-09-29T03:00:00+00:00, run_after=2024-09-30T03:00:00+00:00
[2024-09-29T16:12:08.160+0000] {processor.py:208} INFO - Processing /opt/airflow/dags/paxpe_dag.py took 0.056 seconds
[2024-09-29T16:12:38.255+0000] {processor.py:186} INFO - Started process (PID=337) to work on /opt/airflow/dags/paxpe_dag.py
[2024-09-29T16:12:38.256+0000] {processor.py:914} INFO - Processing file /opt/airflow/dags/paxpe_dag.py for tasks to queue
[2024-09-29T16:12:38.257+0000] {logging_mixin.py:190} INFO - [2024-09-29T16:12:38.257+0000] {dagbag.py:587} INFO - Filling up the DagBag from /opt/airflow/dags/paxpe_dag.py
[2024-09-29T16:12:38.272+0000] {processor.py:925} INFO - DAG(s) 'paxpe_dag' retrieved from /opt/airflow/dags/paxpe_dag.py
[2024-09-29T16:12:38.286+0000] {logging_mixin.py:190} INFO - [2024-09-29T16:12:38.286+0000] {dag.py:3211} INFO - Sync 1 DAGs
[2024-09-29T16:12:38.299+0000] {logging_mixin.py:190} INFO - [2024-09-29T16:12:38.299+0000] {dag.py:4138} INFO - Setting next_dagrun for paxpe_dag to 2024-09-29T03:00:00+00:00, run_after=2024-09-30T03:00:00+00:00
[2024-09-29T16:12:38.309+0000] {processor.py:208} INFO - Processing /opt/airflow/dags/paxpe_dag.py took 0.058 seconds
[2024-09-29T16:13:08.421+0000] {processor.py:186} INFO - Started process (PID=345) to work on /opt/airflow/dags/paxpe_dag.py
[2024-09-29T16:13:08.422+0000] {processor.py:914} INFO - Processing file /opt/airflow/dags/paxpe_dag.py for tasks to queue
[2024-09-29T16:13:08.425+0000] {logging_mixin.py:190} INFO - [2024-09-29T16:13:08.424+0000] {dagbag.py:587} INFO - Filling up the DagBag from /opt/airflow/dags/paxpe_dag.py
[2024-09-29T16:13:08.437+0000] {processor.py:925} INFO - DAG(s) 'paxpe_dag' retrieved from /opt/airflow/dags/paxpe_dag.py
[2024-09-29T16:13:08.450+0000] {logging_mixin.py:190} INFO - [2024-09-29T16:13:08.450+0000] {dag.py:3211} INFO - Sync 1 DAGs
[2024-09-29T16:13:08.463+0000] {logging_mixin.py:190} INFO - [2024-09-29T16:13:08.463+0000] {dag.py:4138} INFO - Setting next_dagrun for paxpe_dag to 2024-09-29T03:00:00+00:00, run_after=2024-09-30T03:00:00+00:00
[2024-09-29T16:13:08.473+0000] {processor.py:208} INFO - Processing /opt/airflow/dags/paxpe_dag.py took 0.055 seconds
[2024-09-29T16:13:38.567+0000] {processor.py:186} INFO - Started process (PID=353) to work on /opt/airflow/dags/paxpe_dag.py
[2024-09-29T16:13:38.568+0000] {processor.py:914} INFO - Processing file /opt/airflow/dags/paxpe_dag.py for tasks to queue
[2024-09-29T16:13:38.570+0000] {logging_mixin.py:190} INFO - [2024-09-29T16:13:38.570+0000] {dagbag.py:587} INFO - Filling up the DagBag from /opt/airflow/dags/paxpe_dag.py
[2024-09-29T16:13:38.581+0000] {processor.py:925} INFO - DAG(s) 'paxpe_dag' retrieved from /opt/airflow/dags/paxpe_dag.py
[2024-09-29T16:13:38.594+0000] {logging_mixin.py:190} INFO - [2024-09-29T16:13:38.594+0000] {dag.py:3211} INFO - Sync 1 DAGs
[2024-09-29T16:13:38.607+0000] {logging_mixin.py:190} INFO - [2024-09-29T16:13:38.607+0000] {dag.py:4138} INFO - Setting next_dagrun for paxpe_dag to 2024-09-29T03:00:00+00:00, run_after=2024-09-30T03:00:00+00:00
[2024-09-29T16:13:38.617+0000] {processor.py:208} INFO - Processing /opt/airflow/dags/paxpe_dag.py took 0.053 seconds
[2024-09-29T16:14:08.738+0000] {processor.py:186} INFO - Started process (PID=361) to work on /opt/airflow/dags/paxpe_dag.py
[2024-09-29T16:14:08.738+0000] {processor.py:914} INFO - Processing file /opt/airflow/dags/paxpe_dag.py for tasks to queue
[2024-09-29T16:14:08.740+0000] {logging_mixin.py:190} INFO - [2024-09-29T16:14:08.740+0000] {dagbag.py:587} INFO - Filling up the DagBag from /opt/airflow/dags/paxpe_dag.py
[2024-09-29T16:14:08.751+0000] {processor.py:925} INFO - DAG(s) 'paxpe_dag' retrieved from /opt/airflow/dags/paxpe_dag.py
[2024-09-29T16:14:08.763+0000] {logging_mixin.py:190} INFO - [2024-09-29T16:14:08.763+0000] {dag.py:3211} INFO - Sync 1 DAGs
[2024-09-29T16:14:08.776+0000] {logging_mixin.py:190} INFO - [2024-09-29T16:14:08.776+0000] {dag.py:4138} INFO - Setting next_dagrun for paxpe_dag to 2024-09-29T03:00:00+00:00, run_after=2024-09-30T03:00:00+00:00
[2024-09-29T16:14:08.785+0000] {processor.py:208} INFO - Processing /opt/airflow/dags/paxpe_dag.py took 0.051 seconds
[2024-09-29T16:14:38.886+0000] {processor.py:186} INFO - Started process (PID=369) to work on /opt/airflow/dags/paxpe_dag.py
[2024-09-29T16:14:38.887+0000] {processor.py:914} INFO - Processing file /opt/airflow/dags/paxpe_dag.py for tasks to queue
[2024-09-29T16:14:38.888+0000] {logging_mixin.py:190} INFO - [2024-09-29T16:14:38.888+0000] {dagbag.py:587} INFO - Filling up the DagBag from /opt/airflow/dags/paxpe_dag.py
[2024-09-29T16:14:38.899+0000] {processor.py:925} INFO - DAG(s) 'paxpe_dag' retrieved from /opt/airflow/dags/paxpe_dag.py
[2024-09-29T16:14:38.912+0000] {logging_mixin.py:190} INFO - [2024-09-29T16:14:38.911+0000] {dag.py:3211} INFO - Sync 1 DAGs
[2024-09-29T16:14:38.925+0000] {logging_mixin.py:190} INFO - [2024-09-29T16:14:38.925+0000] {dag.py:4138} INFO - Setting next_dagrun for paxpe_dag to 2024-09-29T03:00:00+00:00, run_after=2024-09-30T03:00:00+00:00
[2024-09-29T16:14:38.934+0000] {processor.py:208} INFO - Processing /opt/airflow/dags/paxpe_dag.py took 0.051 seconds
[2024-09-29T16:15:09.051+0000] {processor.py:186} INFO - Started process (PID=377) to work on /opt/airflow/dags/paxpe_dag.py
[2024-09-29T16:15:09.052+0000] {processor.py:914} INFO - Processing file /opt/airflow/dags/paxpe_dag.py for tasks to queue
[2024-09-29T16:15:09.054+0000] {logging_mixin.py:190} INFO - [2024-09-29T16:15:09.053+0000] {dagbag.py:587} INFO - Filling up the DagBag from /opt/airflow/dags/paxpe_dag.py
[2024-09-29T16:15:09.064+0000] {processor.py:925} INFO - DAG(s) 'paxpe_dag' retrieved from /opt/airflow/dags/paxpe_dag.py
[2024-09-29T16:15:09.079+0000] {logging_mixin.py:190} INFO - [2024-09-29T16:15:09.078+0000] {dag.py:3211} INFO - Sync 1 DAGs
[2024-09-29T16:15:09.092+0000] {logging_mixin.py:190} INFO - [2024-09-29T16:15:09.092+0000] {dag.py:4138} INFO - Setting next_dagrun for paxpe_dag to 2024-09-29T03:00:00+00:00, run_after=2024-09-30T03:00:00+00:00
[2024-09-29T16:15:09.101+0000] {processor.py:208} INFO - Processing /opt/airflow/dags/paxpe_dag.py took 0.053 seconds
[2024-09-29T16:15:39.202+0000] {processor.py:186} INFO - Started process (PID=385) to work on /opt/airflow/dags/paxpe_dag.py
[2024-09-29T16:15:39.202+0000] {processor.py:914} INFO - Processing file /opt/airflow/dags/paxpe_dag.py for tasks to queue
[2024-09-29T16:15:39.204+0000] {logging_mixin.py:190} INFO - [2024-09-29T16:15:39.204+0000] {dagbag.py:587} INFO - Filling up the DagBag from /opt/airflow/dags/paxpe_dag.py
[2024-09-29T16:15:39.215+0000] {processor.py:925} INFO - DAG(s) 'paxpe_dag' retrieved from /opt/airflow/dags/paxpe_dag.py
[2024-09-29T16:15:39.228+0000] {logging_mixin.py:190} INFO - [2024-09-29T16:15:39.228+0000] {dag.py:3211} INFO - Sync 1 DAGs
[2024-09-29T16:15:39.242+0000] {logging_mixin.py:190} INFO - [2024-09-29T16:15:39.242+0000] {dag.py:4138} INFO - Setting next_dagrun for paxpe_dag to 2024-09-29T03:00:00+00:00, run_after=2024-09-30T03:00:00+00:00
[2024-09-29T16:15:39.251+0000] {processor.py:208} INFO - Processing /opt/airflow/dags/paxpe_dag.py took 0.053 seconds
[2024-09-29T16:16:09.407+0000] {processor.py:186} INFO - Started process (PID=393) to work on /opt/airflow/dags/paxpe_dag.py
[2024-09-29T16:16:09.407+0000] {processor.py:914} INFO - Processing file /opt/airflow/dags/paxpe_dag.py for tasks to queue
[2024-09-29T16:16:09.409+0000] {logging_mixin.py:190} INFO - [2024-09-29T16:16:09.409+0000] {dagbag.py:587} INFO - Filling up the DagBag from /opt/airflow/dags/paxpe_dag.py
[2024-09-29T16:16:09.421+0000] {processor.py:925} INFO - DAG(s) 'paxpe_dag' retrieved from /opt/airflow/dags/paxpe_dag.py
[2024-09-29T16:16:09.434+0000] {logging_mixin.py:190} INFO - [2024-09-29T16:16:09.434+0000] {dag.py:3211} INFO - Sync 1 DAGs
[2024-09-29T16:16:09.447+0000] {logging_mixin.py:190} INFO - [2024-09-29T16:16:09.447+0000] {dag.py:4138} INFO - Setting next_dagrun for paxpe_dag to 2024-09-29T03:00:00+00:00, run_after=2024-09-30T03:00:00+00:00
[2024-09-29T16:16:09.457+0000] {processor.py:208} INFO - Processing /opt/airflow/dags/paxpe_dag.py took 0.054 seconds
[2024-09-29T16:16:39.567+0000] {processor.py:186} INFO - Started process (PID=401) to work on /opt/airflow/dags/paxpe_dag.py
[2024-09-29T16:16:39.567+0000] {processor.py:914} INFO - Processing file /opt/airflow/dags/paxpe_dag.py for tasks to queue
[2024-09-29T16:16:39.569+0000] {logging_mixin.py:190} INFO - [2024-09-29T16:16:39.569+0000] {dagbag.py:587} INFO - Filling up the DagBag from /opt/airflow/dags/paxpe_dag.py
[2024-09-29T16:16:39.580+0000] {processor.py:925} INFO - DAG(s) 'paxpe_dag' retrieved from /opt/airflow/dags/paxpe_dag.py
[2024-09-29T16:16:39.592+0000] {logging_mixin.py:190} INFO - [2024-09-29T16:16:39.592+0000] {dag.py:3211} INFO - Sync 1 DAGs
[2024-09-29T16:16:39.605+0000] {logging_mixin.py:190} INFO - [2024-09-29T16:16:39.605+0000] {dag.py:4138} INFO - Setting next_dagrun for paxpe_dag to 2024-09-29T03:00:00+00:00, run_after=2024-09-30T03:00:00+00:00
[2024-09-29T16:16:39.614+0000] {processor.py:208} INFO - Processing /opt/airflow/dags/paxpe_dag.py took 0.051 seconds
[2024-09-29T16:17:09.726+0000] {processor.py:186} INFO - Started process (PID=409) to work on /opt/airflow/dags/paxpe_dag.py
[2024-09-29T16:17:09.726+0000] {processor.py:914} INFO - Processing file /opt/airflow/dags/paxpe_dag.py for tasks to queue
[2024-09-29T16:17:09.728+0000] {logging_mixin.py:190} INFO - [2024-09-29T16:17:09.728+0000] {dagbag.py:587} INFO - Filling up the DagBag from /opt/airflow/dags/paxpe_dag.py
[2024-09-29T16:17:09.738+0000] {processor.py:925} INFO - DAG(s) 'paxpe_dag' retrieved from /opt/airflow/dags/paxpe_dag.py
[2024-09-29T16:17:09.751+0000] {logging_mixin.py:190} INFO - [2024-09-29T16:17:09.751+0000] {dag.py:3211} INFO - Sync 1 DAGs
[2024-09-29T16:17:09.765+0000] {logging_mixin.py:190} INFO - [2024-09-29T16:17:09.765+0000] {dag.py:4138} INFO - Setting next_dagrun for paxpe_dag to 2024-09-29T03:00:00+00:00, run_after=2024-09-30T03:00:00+00:00
[2024-09-29T16:17:09.776+0000] {processor.py:208} INFO - Processing /opt/airflow/dags/paxpe_dag.py took 0.053 seconds
[2024-09-29T16:17:39.879+0000] {processor.py:186} INFO - Started process (PID=417) to work on /opt/airflow/dags/paxpe_dag.py
[2024-09-29T16:17:39.879+0000] {processor.py:914} INFO - Processing file /opt/airflow/dags/paxpe_dag.py for tasks to queue
[2024-09-29T16:17:39.881+0000] {logging_mixin.py:190} INFO - [2024-09-29T16:17:39.881+0000] {dagbag.py:587} INFO - Filling up the DagBag from /opt/airflow/dags/paxpe_dag.py
[2024-09-29T16:17:39.892+0000] {processor.py:925} INFO - DAG(s) 'paxpe_dag' retrieved from /opt/airflow/dags/paxpe_dag.py
[2024-09-29T16:17:39.907+0000] {logging_mixin.py:190} INFO - [2024-09-29T16:17:39.906+0000] {dag.py:3211} INFO - Sync 1 DAGs
[2024-09-29T16:17:39.920+0000] {logging_mixin.py:190} INFO - [2024-09-29T16:17:39.920+0000] {dag.py:4138} INFO - Setting next_dagrun for paxpe_dag to 2024-09-29T03:00:00+00:00, run_after=2024-09-30T03:00:00+00:00
[2024-09-29T16:17:39.929+0000] {processor.py:208} INFO - Processing /opt/airflow/dags/paxpe_dag.py took 0.054 seconds
[2024-09-29T16:18:10.036+0000] {processor.py:186} INFO - Started process (PID=425) to work on /opt/airflow/dags/paxpe_dag.py
[2024-09-29T16:18:10.037+0000] {processor.py:914} INFO - Processing file /opt/airflow/dags/paxpe_dag.py for tasks to queue
[2024-09-29T16:18:10.039+0000] {logging_mixin.py:190} INFO - [2024-09-29T16:18:10.039+0000] {dagbag.py:587} INFO - Filling up the DagBag from /opt/airflow/dags/paxpe_dag.py
[2024-09-29T16:18:10.050+0000] {processor.py:925} INFO - DAG(s) 'paxpe_dag' retrieved from /opt/airflow/dags/paxpe_dag.py
[2024-09-29T16:18:10.063+0000] {logging_mixin.py:190} INFO - [2024-09-29T16:18:10.063+0000] {dag.py:3211} INFO - Sync 1 DAGs
[2024-09-29T16:18:10.076+0000] {logging_mixin.py:190} INFO - [2024-09-29T16:18:10.076+0000] {dag.py:4138} INFO - Setting next_dagrun for paxpe_dag to 2024-09-29T03:00:00+00:00, run_after=2024-09-30T03:00:00+00:00
[2024-09-29T16:18:10.086+0000] {processor.py:208} INFO - Processing /opt/airflow/dags/paxpe_dag.py took 0.053 seconds
