[2024-10-20T04:10:39.600+0000] {processor.py:186} INFO - Started process (PID=64) to work on /opt/airflow/dags/paxpe_dag.py
[2024-10-20T04:10:39.601+0000] {processor.py:914} INFO - Processing file /opt/airflow/dags/paxpe_dag.py for tasks to queue
[2024-10-20T04:10:39.604+0000] {logging_mixin.py:190} INFO - [2024-10-20T04:10:39.603+0000] {dagbag.py:587} INFO - Filling up the DagBag from /opt/airflow/dags/paxpe_dag.py
[2024-10-20T04:10:39.618+0000] {processor.py:925} INFO - DAG(s) 'paxpe_dag' retrieved from /opt/airflow/dags/paxpe_dag.py
[2024-10-20T04:10:39.639+0000] {logging_mixin.py:190} INFO - [2024-10-20T04:10:39.639+0000] {dag.py:3211} INFO - Sync 1 DAGs
[2024-10-20T04:10:39.657+0000] {logging_mixin.py:190} INFO - [2024-10-20T04:10:39.657+0000] {dag.py:4138} INFO - Setting next_dagrun for paxpe_dag to 2024-10-20T03:00:00+00:00, run_after=2024-10-21T03:00:00+00:00
[2024-10-20T04:10:39.670+0000] {processor.py:208} INFO - Processing /opt/airflow/dags/paxpe_dag.py took 0.074 seconds
[2024-10-20T04:11:09.776+0000] {processor.py:186} INFO - Started process (PID=72) to work on /opt/airflow/dags/paxpe_dag.py
[2024-10-20T04:11:09.777+0000] {processor.py:914} INFO - Processing file /opt/airflow/dags/paxpe_dag.py for tasks to queue
[2024-10-20T04:11:09.779+0000] {logging_mixin.py:190} INFO - [2024-10-20T04:11:09.779+0000] {dagbag.py:587} INFO - Filling up the DagBag from /opt/airflow/dags/paxpe_dag.py
[2024-10-20T04:11:09.793+0000] {processor.py:925} INFO - DAG(s) 'paxpe_dag' retrieved from /opt/airflow/dags/paxpe_dag.py
[2024-10-20T04:11:09.810+0000] {logging_mixin.py:190} INFO - [2024-10-20T04:11:09.809+0000] {dag.py:3211} INFO - Sync 1 DAGs
[2024-10-20T04:11:09.826+0000] {logging_mixin.py:190} INFO - [2024-10-20T04:11:09.826+0000] {dag.py:4138} INFO - Setting next_dagrun for paxpe_dag to 2024-10-20T03:00:00+00:00, run_after=2024-10-21T03:00:00+00:00
[2024-10-20T04:11:09.838+0000] {processor.py:208} INFO - Processing /opt/airflow/dags/paxpe_dag.py took 0.066 seconds
[2024-10-20T04:11:39.972+0000] {processor.py:186} INFO - Started process (PID=80) to work on /opt/airflow/dags/paxpe_dag.py
[2024-10-20T04:11:39.973+0000] {processor.py:914} INFO - Processing file /opt/airflow/dags/paxpe_dag.py for tasks to queue
[2024-10-20T04:11:39.976+0000] {logging_mixin.py:190} INFO - [2024-10-20T04:11:39.976+0000] {dagbag.py:587} INFO - Filling up the DagBag from /opt/airflow/dags/paxpe_dag.py
[2024-10-20T04:11:39.997+0000] {processor.py:925} INFO - DAG(s) 'paxpe_dag' retrieved from /opt/airflow/dags/paxpe_dag.py
[2024-10-20T04:11:40.024+0000] {logging_mixin.py:190} INFO - [2024-10-20T04:11:40.023+0000] {dag.py:3211} INFO - Sync 1 DAGs
[2024-10-20T04:11:40.051+0000] {logging_mixin.py:190} INFO - [2024-10-20T04:11:40.051+0000] {dag.py:4138} INFO - Setting next_dagrun for paxpe_dag to 2024-10-20T03:00:00+00:00, run_after=2024-10-21T03:00:00+00:00
[2024-10-20T04:11:40.070+0000] {processor.py:208} INFO - Processing /opt/airflow/dags/paxpe_dag.py took 0.103 seconds
[2024-10-20T04:12:10.141+0000] {processor.py:186} INFO - Started process (PID=88) to work on /opt/airflow/dags/paxpe_dag.py
[2024-10-20T04:12:10.141+0000] {processor.py:914} INFO - Processing file /opt/airflow/dags/paxpe_dag.py for tasks to queue
[2024-10-20T04:12:10.143+0000] {logging_mixin.py:190} INFO - [2024-10-20T04:12:10.143+0000] {dagbag.py:587} INFO - Filling up the DagBag from /opt/airflow/dags/paxpe_dag.py
[2024-10-20T04:12:10.155+0000] {processor.py:925} INFO - DAG(s) 'paxpe_dag' retrieved from /opt/airflow/dags/paxpe_dag.py
[2024-10-20T04:12:10.171+0000] {logging_mixin.py:190} INFO - [2024-10-20T04:12:10.171+0000] {dag.py:3211} INFO - Sync 1 DAGs
[2024-10-20T04:12:10.186+0000] {logging_mixin.py:190} INFO - [2024-10-20T04:12:10.186+0000] {dag.py:4138} INFO - Setting next_dagrun for paxpe_dag to 2024-10-20T03:00:00+00:00, run_after=2024-10-21T03:00:00+00:00
[2024-10-20T04:12:10.197+0000] {processor.py:208} INFO - Processing /opt/airflow/dags/paxpe_dag.py took 0.061 seconds
[2024-10-20T04:12:40.285+0000] {processor.py:186} INFO - Started process (PID=96) to work on /opt/airflow/dags/paxpe_dag.py
[2024-10-20T04:12:40.286+0000] {processor.py:914} INFO - Processing file /opt/airflow/dags/paxpe_dag.py for tasks to queue
[2024-10-20T04:12:40.288+0000] {logging_mixin.py:190} INFO - [2024-10-20T04:12:40.288+0000] {dagbag.py:587} INFO - Filling up the DagBag from /opt/airflow/dags/paxpe_dag.py
[2024-10-20T04:12:40.300+0000] {processor.py:925} INFO - DAG(s) 'paxpe_dag' retrieved from /opt/airflow/dags/paxpe_dag.py
[2024-10-20T04:12:40.316+0000] {logging_mixin.py:190} INFO - [2024-10-20T04:12:40.316+0000] {dag.py:3211} INFO - Sync 1 DAGs
[2024-10-20T04:12:40.330+0000] {logging_mixin.py:190} INFO - [2024-10-20T04:12:40.330+0000] {dag.py:4138} INFO - Setting next_dagrun for paxpe_dag to 2024-10-20T03:00:00+00:00, run_after=2024-10-21T03:00:00+00:00
[2024-10-20T04:12:40.340+0000] {processor.py:208} INFO - Processing /opt/airflow/dags/paxpe_dag.py took 0.059 seconds
[2024-10-20T04:13:10.479+0000] {processor.py:186} INFO - Started process (PID=104) to work on /opt/airflow/dags/paxpe_dag.py
[2024-10-20T04:13:10.480+0000] {processor.py:914} INFO - Processing file /opt/airflow/dags/paxpe_dag.py for tasks to queue
[2024-10-20T04:13:10.482+0000] {logging_mixin.py:190} INFO - [2024-10-20T04:13:10.482+0000] {dagbag.py:587} INFO - Filling up the DagBag from /opt/airflow/dags/paxpe_dag.py
[2024-10-20T04:13:10.494+0000] {processor.py:925} INFO - DAG(s) 'paxpe_dag' retrieved from /opt/airflow/dags/paxpe_dag.py
[2024-10-20T04:13:10.513+0000] {logging_mixin.py:190} INFO - [2024-10-20T04:13:10.512+0000] {dag.py:3211} INFO - Sync 1 DAGs
[2024-10-20T04:13:10.533+0000] {logging_mixin.py:190} INFO - [2024-10-20T04:13:10.533+0000] {dag.py:4138} INFO - Setting next_dagrun for paxpe_dag to 2024-10-20T03:00:00+00:00, run_after=2024-10-21T03:00:00+00:00
[2024-10-20T04:13:10.547+0000] {processor.py:208} INFO - Processing /opt/airflow/dags/paxpe_dag.py took 0.073 seconds
[2024-10-20T04:13:40.661+0000] {processor.py:186} INFO - Started process (PID=112) to work on /opt/airflow/dags/paxpe_dag.py
[2024-10-20T04:13:40.662+0000] {processor.py:914} INFO - Processing file /opt/airflow/dags/paxpe_dag.py for tasks to queue
[2024-10-20T04:13:40.664+0000] {logging_mixin.py:190} INFO - [2024-10-20T04:13:40.664+0000] {dagbag.py:587} INFO - Filling up the DagBag from /opt/airflow/dags/paxpe_dag.py
[2024-10-20T04:13:40.680+0000] {processor.py:925} INFO - DAG(s) 'paxpe_dag' retrieved from /opt/airflow/dags/paxpe_dag.py
[2024-10-20T04:13:40.698+0000] {logging_mixin.py:190} INFO - [2024-10-20T04:13:40.697+0000] {dag.py:3211} INFO - Sync 1 DAGs
[2024-10-20T04:13:40.714+0000] {logging_mixin.py:190} INFO - [2024-10-20T04:13:40.714+0000] {dag.py:4138} INFO - Setting next_dagrun for paxpe_dag to 2024-10-20T03:00:00+00:00, run_after=2024-10-21T03:00:00+00:00
[2024-10-20T04:13:40.726+0000] {processor.py:208} INFO - Processing /opt/airflow/dags/paxpe_dag.py took 0.072 seconds
[2024-10-20T04:14:10.844+0000] {processor.py:186} INFO - Started process (PID=120) to work on /opt/airflow/dags/paxpe_dag.py
[2024-10-20T04:14:10.845+0000] {processor.py:914} INFO - Processing file /opt/airflow/dags/paxpe_dag.py for tasks to queue
[2024-10-20T04:14:10.846+0000] {logging_mixin.py:190} INFO - [2024-10-20T04:14:10.846+0000] {dagbag.py:587} INFO - Filling up the DagBag from /opt/airflow/dags/paxpe_dag.py
[2024-10-20T04:14:10.858+0000] {processor.py:925} INFO - DAG(s) 'paxpe_dag' retrieved from /opt/airflow/dags/paxpe_dag.py
[2024-10-20T04:14:10.873+0000] {logging_mixin.py:190} INFO - [2024-10-20T04:14:10.873+0000] {dag.py:3211} INFO - Sync 1 DAGs
[2024-10-20T04:14:10.888+0000] {logging_mixin.py:190} INFO - [2024-10-20T04:14:10.887+0000] {dag.py:4138} INFO - Setting next_dagrun for paxpe_dag to 2024-10-20T03:00:00+00:00, run_after=2024-10-21T03:00:00+00:00
[2024-10-20T04:14:10.897+0000] {processor.py:208} INFO - Processing /opt/airflow/dags/paxpe_dag.py took 0.057 seconds
[2024-10-20T04:14:41.011+0000] {processor.py:186} INFO - Started process (PID=128) to work on /opt/airflow/dags/paxpe_dag.py
[2024-10-20T04:14:41.012+0000] {processor.py:914} INFO - Processing file /opt/airflow/dags/paxpe_dag.py for tasks to queue
[2024-10-20T04:14:41.014+0000] {logging_mixin.py:190} INFO - [2024-10-20T04:14:41.014+0000] {dagbag.py:587} INFO - Filling up the DagBag from /opt/airflow/dags/paxpe_dag.py
[2024-10-20T04:14:41.027+0000] {processor.py:925} INFO - DAG(s) 'paxpe_dag' retrieved from /opt/airflow/dags/paxpe_dag.py
[2024-10-20T04:14:41.042+0000] {logging_mixin.py:190} INFO - [2024-10-20T04:14:41.042+0000] {dag.py:3211} INFO - Sync 1 DAGs
[2024-10-20T04:14:41.057+0000] {logging_mixin.py:190} INFO - [2024-10-20T04:14:41.057+0000] {dag.py:4138} INFO - Setting next_dagrun for paxpe_dag to 2024-10-20T03:00:00+00:00, run_after=2024-10-21T03:00:00+00:00
[2024-10-20T04:14:41.069+0000] {processor.py:208} INFO - Processing /opt/airflow/dags/paxpe_dag.py took 0.062 seconds
[2024-10-20T04:15:11.180+0000] {processor.py:186} INFO - Started process (PID=136) to work on /opt/airflow/dags/paxpe_dag.py
[2024-10-20T04:15:11.180+0000] {processor.py:914} INFO - Processing file /opt/airflow/dags/paxpe_dag.py for tasks to queue
[2024-10-20T04:15:11.182+0000] {logging_mixin.py:190} INFO - [2024-10-20T04:15:11.182+0000] {dagbag.py:587} INFO - Filling up the DagBag from /opt/airflow/dags/paxpe_dag.py
[2024-10-20T04:15:11.194+0000] {processor.py:925} INFO - DAG(s) 'paxpe_dag' retrieved from /opt/airflow/dags/paxpe_dag.py
[2024-10-20T04:15:11.210+0000] {logging_mixin.py:190} INFO - [2024-10-20T04:15:11.210+0000] {dag.py:3211} INFO - Sync 1 DAGs
[2024-10-20T04:15:11.226+0000] {logging_mixin.py:190} INFO - [2024-10-20T04:15:11.226+0000] {dag.py:4138} INFO - Setting next_dagrun for paxpe_dag to 2024-10-20T03:00:00+00:00, run_after=2024-10-21T03:00:00+00:00
[2024-10-20T04:15:11.238+0000] {processor.py:208} INFO - Processing /opt/airflow/dags/paxpe_dag.py took 0.063 seconds
[2024-10-20T04:15:41.368+0000] {processor.py:186} INFO - Started process (PID=144) to work on /opt/airflow/dags/paxpe_dag.py
[2024-10-20T04:15:41.368+0000] {processor.py:914} INFO - Processing file /opt/airflow/dags/paxpe_dag.py for tasks to queue
[2024-10-20T04:15:41.370+0000] {logging_mixin.py:190} INFO - [2024-10-20T04:15:41.370+0000] {dagbag.py:587} INFO - Filling up the DagBag from /opt/airflow/dags/paxpe_dag.py
[2024-10-20T04:15:41.382+0000] {processor.py:925} INFO - DAG(s) 'paxpe_dag' retrieved from /opt/airflow/dags/paxpe_dag.py
[2024-10-20T04:15:41.397+0000] {logging_mixin.py:190} INFO - [2024-10-20T04:15:41.396+0000] {dag.py:3211} INFO - Sync 1 DAGs
[2024-10-20T04:15:41.411+0000] {logging_mixin.py:190} INFO - [2024-10-20T04:15:41.411+0000] {dag.py:4138} INFO - Setting next_dagrun for paxpe_dag to 2024-10-20T03:00:00+00:00, run_after=2024-10-21T03:00:00+00:00
[2024-10-20T04:15:41.422+0000] {processor.py:208} INFO - Processing /opt/airflow/dags/paxpe_dag.py took 0.059 seconds
[2024-10-20T04:16:11.530+0000] {processor.py:186} INFO - Started process (PID=152) to work on /opt/airflow/dags/paxpe_dag.py
[2024-10-20T04:16:11.531+0000] {processor.py:914} INFO - Processing file /opt/airflow/dags/paxpe_dag.py for tasks to queue
[2024-10-20T04:16:11.533+0000] {logging_mixin.py:190} INFO - [2024-10-20T04:16:11.532+0000] {dagbag.py:587} INFO - Filling up the DagBag from /opt/airflow/dags/paxpe_dag.py
[2024-10-20T04:16:11.545+0000] {processor.py:925} INFO - DAG(s) 'paxpe_dag' retrieved from /opt/airflow/dags/paxpe_dag.py
[2024-10-20T04:16:11.561+0000] {logging_mixin.py:190} INFO - [2024-10-20T04:16:11.560+0000] {dag.py:3211} INFO - Sync 1 DAGs
[2024-10-20T04:16:11.577+0000] {logging_mixin.py:190} INFO - [2024-10-20T04:16:11.577+0000] {dag.py:4138} INFO - Setting next_dagrun for paxpe_dag to 2024-10-20T03:00:00+00:00, run_after=2024-10-21T03:00:00+00:00
[2024-10-20T04:16:11.589+0000] {processor.py:208} INFO - Processing /opt/airflow/dags/paxpe_dag.py took 0.064 seconds
[2024-10-20T04:16:41.699+0000] {processor.py:186} INFO - Started process (PID=160) to work on /opt/airflow/dags/paxpe_dag.py
[2024-10-20T04:16:41.700+0000] {processor.py:914} INFO - Processing file /opt/airflow/dags/paxpe_dag.py for tasks to queue
[2024-10-20T04:16:41.702+0000] {logging_mixin.py:190} INFO - [2024-10-20T04:16:41.702+0000] {dagbag.py:587} INFO - Filling up the DagBag from /opt/airflow/dags/paxpe_dag.py
[2024-10-20T04:16:41.716+0000] {processor.py:925} INFO - DAG(s) 'paxpe_dag' retrieved from /opt/airflow/dags/paxpe_dag.py
[2024-10-20T04:16:41.731+0000] {logging_mixin.py:190} INFO - [2024-10-20T04:16:41.731+0000] {dag.py:3211} INFO - Sync 1 DAGs
[2024-10-20T04:16:41.746+0000] {logging_mixin.py:190} INFO - [2024-10-20T04:16:41.746+0000] {dag.py:4138} INFO - Setting next_dagrun for paxpe_dag to 2024-10-20T03:00:00+00:00, run_after=2024-10-21T03:00:00+00:00
[2024-10-20T04:16:41.756+0000] {processor.py:208} INFO - Processing /opt/airflow/dags/paxpe_dag.py took 0.061 seconds
[2024-10-20T04:17:11.869+0000] {processor.py:186} INFO - Started process (PID=168) to work on /opt/airflow/dags/paxpe_dag.py
[2024-10-20T04:17:11.870+0000] {processor.py:914} INFO - Processing file /opt/airflow/dags/paxpe_dag.py for tasks to queue
[2024-10-20T04:17:11.872+0000] {logging_mixin.py:190} INFO - [2024-10-20T04:17:11.872+0000] {dagbag.py:587} INFO - Filling up the DagBag from /opt/airflow/dags/paxpe_dag.py
[2024-10-20T04:17:11.884+0000] {processor.py:925} INFO - DAG(s) 'paxpe_dag' retrieved from /opt/airflow/dags/paxpe_dag.py
[2024-10-20T04:17:11.901+0000] {logging_mixin.py:190} INFO - [2024-10-20T04:17:11.901+0000] {dag.py:3211} INFO - Sync 1 DAGs
[2024-10-20T04:17:11.919+0000] {logging_mixin.py:190} INFO - [2024-10-20T04:17:11.919+0000] {dag.py:4138} INFO - Setting next_dagrun for paxpe_dag to 2024-10-20T03:00:00+00:00, run_after=2024-10-21T03:00:00+00:00
[2024-10-20T04:17:11.933+0000] {processor.py:208} INFO - Processing /opt/airflow/dags/paxpe_dag.py took 0.069 seconds
[2024-10-20T04:17:42.038+0000] {processor.py:186} INFO - Started process (PID=176) to work on /opt/airflow/dags/paxpe_dag.py
[2024-10-20T04:17:42.038+0000] {processor.py:914} INFO - Processing file /opt/airflow/dags/paxpe_dag.py for tasks to queue
[2024-10-20T04:17:42.040+0000] {logging_mixin.py:190} INFO - [2024-10-20T04:17:42.040+0000] {dagbag.py:587} INFO - Filling up the DagBag from /opt/airflow/dags/paxpe_dag.py
[2024-10-20T04:17:42.052+0000] {processor.py:925} INFO - DAG(s) 'paxpe_dag' retrieved from /opt/airflow/dags/paxpe_dag.py
[2024-10-20T04:17:42.068+0000] {logging_mixin.py:190} INFO - [2024-10-20T04:17:42.068+0000] {dag.py:3211} INFO - Sync 1 DAGs
[2024-10-20T04:17:42.083+0000] {logging_mixin.py:190} INFO - [2024-10-20T04:17:42.083+0000] {dag.py:4138} INFO - Setting next_dagrun for paxpe_dag to 2024-10-20T03:00:00+00:00, run_after=2024-10-21T03:00:00+00:00
[2024-10-20T04:17:42.093+0000] {processor.py:208} INFO - Processing /opt/airflow/dags/paxpe_dag.py took 0.060 seconds
[2024-10-20T04:18:12.223+0000] {processor.py:186} INFO - Started process (PID=184) to work on /opt/airflow/dags/paxpe_dag.py
[2024-10-20T04:18:12.224+0000] {processor.py:914} INFO - Processing file /opt/airflow/dags/paxpe_dag.py for tasks to queue
[2024-10-20T04:18:12.226+0000] {logging_mixin.py:190} INFO - [2024-10-20T04:18:12.225+0000] {dagbag.py:587} INFO - Filling up the DagBag from /opt/airflow/dags/paxpe_dag.py
[2024-10-20T04:18:12.239+0000] {processor.py:925} INFO - DAG(s) 'paxpe_dag' retrieved from /opt/airflow/dags/paxpe_dag.py
[2024-10-20T04:18:12.255+0000] {logging_mixin.py:190} INFO - [2024-10-20T04:18:12.254+0000] {dag.py:3211} INFO - Sync 1 DAGs
[2024-10-20T04:18:12.269+0000] {logging_mixin.py:190} INFO - [2024-10-20T04:18:12.269+0000] {dag.py:4138} INFO - Setting next_dagrun for paxpe_dag to 2024-10-20T03:00:00+00:00, run_after=2024-10-21T03:00:00+00:00
[2024-10-20T04:18:12.281+0000] {processor.py:208} INFO - Processing /opt/airflow/dags/paxpe_dag.py took 0.062 seconds
[2024-10-20T04:18:42.381+0000] {processor.py:186} INFO - Started process (PID=192) to work on /opt/airflow/dags/paxpe_dag.py
[2024-10-20T04:18:42.382+0000] {processor.py:914} INFO - Processing file /opt/airflow/dags/paxpe_dag.py for tasks to queue
[2024-10-20T04:18:42.384+0000] {logging_mixin.py:190} INFO - [2024-10-20T04:18:42.384+0000] {dagbag.py:587} INFO - Filling up the DagBag from /opt/airflow/dags/paxpe_dag.py
[2024-10-20T04:18:42.397+0000] {processor.py:925} INFO - DAG(s) 'paxpe_dag' retrieved from /opt/airflow/dags/paxpe_dag.py
[2024-10-20T04:18:42.413+0000] {logging_mixin.py:190} INFO - [2024-10-20T04:18:42.412+0000] {dag.py:3211} INFO - Sync 1 DAGs
[2024-10-20T04:18:42.428+0000] {logging_mixin.py:190} INFO - [2024-10-20T04:18:42.428+0000] {dag.py:4138} INFO - Setting next_dagrun for paxpe_dag to 2024-10-20T03:00:00+00:00, run_after=2024-10-21T03:00:00+00:00
[2024-10-20T04:18:42.440+0000] {processor.py:208} INFO - Processing /opt/airflow/dags/paxpe_dag.py took 0.063 seconds
[2024-10-20T04:19:12.562+0000] {processor.py:186} INFO - Started process (PID=200) to work on /opt/airflow/dags/paxpe_dag.py
[2024-10-20T04:19:12.563+0000] {processor.py:914} INFO - Processing file /opt/airflow/dags/paxpe_dag.py for tasks to queue
[2024-10-20T04:19:12.565+0000] {logging_mixin.py:190} INFO - [2024-10-20T04:19:12.565+0000] {dagbag.py:587} INFO - Filling up the DagBag from /opt/airflow/dags/paxpe_dag.py
[2024-10-20T04:19:12.577+0000] {processor.py:925} INFO - DAG(s) 'paxpe_dag' retrieved from /opt/airflow/dags/paxpe_dag.py
[2024-10-20T04:19:12.593+0000] {logging_mixin.py:190} INFO - [2024-10-20T04:19:12.592+0000] {dag.py:3211} INFO - Sync 1 DAGs
[2024-10-20T04:19:12.608+0000] {logging_mixin.py:190} INFO - [2024-10-20T04:19:12.608+0000] {dag.py:4138} INFO - Setting next_dagrun for paxpe_dag to 2024-10-20T03:00:00+00:00, run_after=2024-10-21T03:00:00+00:00
[2024-10-20T04:19:12.619+0000] {processor.py:208} INFO - Processing /opt/airflow/dags/paxpe_dag.py took 0.060 seconds
[2024-10-20T04:19:42.725+0000] {processor.py:186} INFO - Started process (PID=208) to work on /opt/airflow/dags/paxpe_dag.py
[2024-10-20T04:19:42.726+0000] {processor.py:914} INFO - Processing file /opt/airflow/dags/paxpe_dag.py for tasks to queue
[2024-10-20T04:19:42.728+0000] {logging_mixin.py:190} INFO - [2024-10-20T04:19:42.728+0000] {dagbag.py:587} INFO - Filling up the DagBag from /opt/airflow/dags/paxpe_dag.py
[2024-10-20T04:19:42.739+0000] {processor.py:925} INFO - DAG(s) 'paxpe_dag' retrieved from /opt/airflow/dags/paxpe_dag.py
[2024-10-20T04:19:42.754+0000] {logging_mixin.py:190} INFO - [2024-10-20T04:19:42.753+0000] {dag.py:3211} INFO - Sync 1 DAGs
[2024-10-20T04:19:42.768+0000] {logging_mixin.py:190} INFO - [2024-10-20T04:19:42.768+0000] {dag.py:4138} INFO - Setting next_dagrun for paxpe_dag to 2024-10-20T03:00:00+00:00, run_after=2024-10-21T03:00:00+00:00
[2024-10-20T04:19:42.778+0000] {processor.py:208} INFO - Processing /opt/airflow/dags/paxpe_dag.py took 0.057 seconds
[2024-10-20T04:20:12.894+0000] {processor.py:186} INFO - Started process (PID=216) to work on /opt/airflow/dags/paxpe_dag.py
[2024-10-20T04:20:12.895+0000] {processor.py:914} INFO - Processing file /opt/airflow/dags/paxpe_dag.py for tasks to queue
[2024-10-20T04:20:12.897+0000] {logging_mixin.py:190} INFO - [2024-10-20T04:20:12.896+0000] {dagbag.py:587} INFO - Filling up the DagBag from /opt/airflow/dags/paxpe_dag.py
[2024-10-20T04:20:12.909+0000] {processor.py:925} INFO - DAG(s) 'paxpe_dag' retrieved from /opt/airflow/dags/paxpe_dag.py
[2024-10-20T04:20:12.925+0000] {logging_mixin.py:190} INFO - [2024-10-20T04:20:12.924+0000] {dag.py:3211} INFO - Sync 1 DAGs
[2024-10-20T04:20:12.939+0000] {logging_mixin.py:190} INFO - [2024-10-20T04:20:12.939+0000] {dag.py:4138} INFO - Setting next_dagrun for paxpe_dag to 2024-10-20T03:00:00+00:00, run_after=2024-10-21T03:00:00+00:00
[2024-10-20T04:20:12.950+0000] {processor.py:208} INFO - Processing /opt/airflow/dags/paxpe_dag.py took 0.060 seconds
[2024-10-20T04:20:43.077+0000] {processor.py:186} INFO - Started process (PID=224) to work on /opt/airflow/dags/paxpe_dag.py
[2024-10-20T04:20:43.078+0000] {processor.py:914} INFO - Processing file /opt/airflow/dags/paxpe_dag.py for tasks to queue
[2024-10-20T04:20:43.080+0000] {logging_mixin.py:190} INFO - [2024-10-20T04:20:43.080+0000] {dagbag.py:587} INFO - Filling up the DagBag from /opt/airflow/dags/paxpe_dag.py
[2024-10-20T04:20:43.092+0000] {processor.py:925} INFO - DAG(s) 'paxpe_dag' retrieved from /opt/airflow/dags/paxpe_dag.py
[2024-10-20T04:20:43.107+0000] {logging_mixin.py:190} INFO - [2024-10-20T04:20:43.107+0000] {dag.py:3211} INFO - Sync 1 DAGs
[2024-10-20T04:20:43.122+0000] {logging_mixin.py:190} INFO - [2024-10-20T04:20:43.122+0000] {dag.py:4138} INFO - Setting next_dagrun for paxpe_dag to 2024-10-20T03:00:00+00:00, run_after=2024-10-21T03:00:00+00:00
[2024-10-20T04:20:43.132+0000] {processor.py:208} INFO - Processing /opt/airflow/dags/paxpe_dag.py took 0.059 seconds
[2024-10-20T04:21:13.238+0000] {processor.py:186} INFO - Started process (PID=232) to work on /opt/airflow/dags/paxpe_dag.py
[2024-10-20T04:21:13.239+0000] {processor.py:914} INFO - Processing file /opt/airflow/dags/paxpe_dag.py for tasks to queue
[2024-10-20T04:21:13.240+0000] {logging_mixin.py:190} INFO - [2024-10-20T04:21:13.240+0000] {dagbag.py:587} INFO - Filling up the DagBag from /opt/airflow/dags/paxpe_dag.py
[2024-10-20T04:21:13.252+0000] {processor.py:925} INFO - DAG(s) 'paxpe_dag' retrieved from /opt/airflow/dags/paxpe_dag.py
[2024-10-20T04:21:13.269+0000] {logging_mixin.py:190} INFO - [2024-10-20T04:21:13.269+0000] {dag.py:3211} INFO - Sync 1 DAGs
[2024-10-20T04:21:13.288+0000] {logging_mixin.py:190} INFO - [2024-10-20T04:21:13.288+0000] {dag.py:4138} INFO - Setting next_dagrun for paxpe_dag to 2024-10-20T03:00:00+00:00, run_after=2024-10-21T03:00:00+00:00
[2024-10-20T04:21:13.306+0000] {processor.py:208} INFO - Processing /opt/airflow/dags/paxpe_dag.py took 0.072 seconds
[2024-10-20T04:21:43.425+0000] {processor.py:186} INFO - Started process (PID=247) to work on /opt/airflow/dags/paxpe_dag.py
[2024-10-20T04:21:43.426+0000] {processor.py:914} INFO - Processing file /opt/airflow/dags/paxpe_dag.py for tasks to queue
[2024-10-20T04:21:43.428+0000] {logging_mixin.py:190} INFO - [2024-10-20T04:21:43.428+0000] {dagbag.py:587} INFO - Filling up the DagBag from /opt/airflow/dags/paxpe_dag.py
[2024-10-20T04:21:43.440+0000] {processor.py:925} INFO - DAG(s) 'paxpe_dag' retrieved from /opt/airflow/dags/paxpe_dag.py
[2024-10-20T04:21:43.455+0000] {logging_mixin.py:190} INFO - [2024-10-20T04:21:43.455+0000] {dag.py:3211} INFO - Sync 1 DAGs
[2024-10-20T04:21:43.471+0000] {logging_mixin.py:190} INFO - [2024-10-20T04:21:43.470+0000] {dag.py:4138} INFO - Setting next_dagrun for paxpe_dag to 2024-10-20T03:00:00+00:00, run_after=2024-10-21T03:00:00+00:00
[2024-10-20T04:21:43.481+0000] {processor.py:208} INFO - Processing /opt/airflow/dags/paxpe_dag.py took 0.061 seconds
[2024-10-20T04:22:13.596+0000] {processor.py:186} INFO - Started process (PID=255) to work on /opt/airflow/dags/paxpe_dag.py
[2024-10-20T04:22:13.596+0000] {processor.py:914} INFO - Processing file /opt/airflow/dags/paxpe_dag.py for tasks to queue
[2024-10-20T04:22:13.599+0000] {logging_mixin.py:190} INFO - [2024-10-20T04:22:13.598+0000] {dagbag.py:587} INFO - Filling up the DagBag from /opt/airflow/dags/paxpe_dag.py
[2024-10-20T04:22:13.611+0000] {processor.py:925} INFO - DAG(s) 'paxpe_dag' retrieved from /opt/airflow/dags/paxpe_dag.py
[2024-10-20T04:22:13.628+0000] {logging_mixin.py:190} INFO - [2024-10-20T04:22:13.627+0000] {dag.py:3211} INFO - Sync 1 DAGs
[2024-10-20T04:22:13.643+0000] {logging_mixin.py:190} INFO - [2024-10-20T04:22:13.642+0000] {dag.py:4138} INFO - Setting next_dagrun for paxpe_dag to 2024-10-20T03:00:00+00:00, run_after=2024-10-21T03:00:00+00:00
[2024-10-20T04:22:13.654+0000] {processor.py:208} INFO - Processing /opt/airflow/dags/paxpe_dag.py took 0.063 seconds
[2024-10-20T04:22:43.761+0000] {processor.py:186} INFO - Started process (PID=263) to work on /opt/airflow/dags/paxpe_dag.py
[2024-10-20T04:22:43.762+0000] {processor.py:914} INFO - Processing file /opt/airflow/dags/paxpe_dag.py for tasks to queue
[2024-10-20T04:22:43.764+0000] {logging_mixin.py:190} INFO - [2024-10-20T04:22:43.764+0000] {dagbag.py:587} INFO - Filling up the DagBag from /opt/airflow/dags/paxpe_dag.py
[2024-10-20T04:22:43.777+0000] {processor.py:925} INFO - DAG(s) 'paxpe_dag' retrieved from /opt/airflow/dags/paxpe_dag.py
[2024-10-20T04:22:43.794+0000] {logging_mixin.py:190} INFO - [2024-10-20T04:22:43.793+0000] {dag.py:3211} INFO - Sync 1 DAGs
[2024-10-20T04:22:43.809+0000] {logging_mixin.py:190} INFO - [2024-10-20T04:22:43.808+0000] {dag.py:4138} INFO - Setting next_dagrun for paxpe_dag to 2024-10-20T03:00:00+00:00, run_after=2024-10-21T03:00:00+00:00
[2024-10-20T04:22:43.819+0000] {processor.py:208} INFO - Processing /opt/airflow/dags/paxpe_dag.py took 0.063 seconds
[2024-10-20T04:23:13.934+0000] {processor.py:186} INFO - Started process (PID=271) to work on /opt/airflow/dags/paxpe_dag.py
[2024-10-20T04:23:13.935+0000] {processor.py:914} INFO - Processing file /opt/airflow/dags/paxpe_dag.py for tasks to queue
[2024-10-20T04:23:13.937+0000] {logging_mixin.py:190} INFO - [2024-10-20T04:23:13.937+0000] {dagbag.py:587} INFO - Filling up the DagBag from /opt/airflow/dags/paxpe_dag.py
[2024-10-20T04:23:13.950+0000] {processor.py:925} INFO - DAG(s) 'paxpe_dag' retrieved from /opt/airflow/dags/paxpe_dag.py
[2024-10-20T04:23:13.966+0000] {logging_mixin.py:190} INFO - [2024-10-20T04:23:13.965+0000] {dag.py:3211} INFO - Sync 1 DAGs
[2024-10-20T04:23:13.981+0000] {logging_mixin.py:190} INFO - [2024-10-20T04:23:13.981+0000] {dag.py:4138} INFO - Setting next_dagrun for paxpe_dag to 2024-10-20T03:00:00+00:00, run_after=2024-10-21T03:00:00+00:00
[2024-10-20T04:23:13.994+0000] {processor.py:208} INFO - Processing /opt/airflow/dags/paxpe_dag.py took 0.064 seconds
[2024-10-20T04:23:44.100+0000] {processor.py:186} INFO - Started process (PID=279) to work on /opt/airflow/dags/paxpe_dag.py
[2024-10-20T04:23:44.101+0000] {processor.py:914} INFO - Processing file /opt/airflow/dags/paxpe_dag.py for tasks to queue
[2024-10-20T04:23:44.103+0000] {logging_mixin.py:190} INFO - [2024-10-20T04:23:44.103+0000] {dagbag.py:587} INFO - Filling up the DagBag from /opt/airflow/dags/paxpe_dag.py
[2024-10-20T04:23:44.115+0000] {processor.py:925} INFO - DAG(s) 'paxpe_dag' retrieved from /opt/airflow/dags/paxpe_dag.py
[2024-10-20T04:23:44.132+0000] {logging_mixin.py:190} INFO - [2024-10-20T04:23:44.132+0000] {dag.py:3211} INFO - Sync 1 DAGs
[2024-10-20T04:23:44.147+0000] {logging_mixin.py:190} INFO - [2024-10-20T04:23:44.147+0000] {dag.py:4138} INFO - Setting next_dagrun for paxpe_dag to 2024-10-20T03:00:00+00:00, run_after=2024-10-21T03:00:00+00:00
[2024-10-20T04:23:44.159+0000] {processor.py:208} INFO - Processing /opt/airflow/dags/paxpe_dag.py took 0.063 seconds
[2024-10-20T04:24:14.267+0000] {processor.py:186} INFO - Started process (PID=287) to work on /opt/airflow/dags/paxpe_dag.py
[2024-10-20T04:24:14.268+0000] {processor.py:914} INFO - Processing file /opt/airflow/dags/paxpe_dag.py for tasks to queue
[2024-10-20T04:24:14.270+0000] {logging_mixin.py:190} INFO - [2024-10-20T04:24:14.270+0000] {dagbag.py:587} INFO - Filling up the DagBag from /opt/airflow/dags/paxpe_dag.py
[2024-10-20T04:24:14.282+0000] {processor.py:925} INFO - DAG(s) 'paxpe_dag' retrieved from /opt/airflow/dags/paxpe_dag.py
[2024-10-20T04:24:14.297+0000] {logging_mixin.py:190} INFO - [2024-10-20T04:24:14.297+0000] {dag.py:3211} INFO - Sync 1 DAGs
[2024-10-20T04:24:14.312+0000] {logging_mixin.py:190} INFO - [2024-10-20T04:24:14.312+0000] {dag.py:4138} INFO - Setting next_dagrun for paxpe_dag to 2024-10-20T03:00:00+00:00, run_after=2024-10-21T03:00:00+00:00
[2024-10-20T04:24:14.323+0000] {processor.py:208} INFO - Processing /opt/airflow/dags/paxpe_dag.py took 0.060 seconds
[2024-10-20T04:24:44.444+0000] {processor.py:186} INFO - Started process (PID=295) to work on /opt/airflow/dags/paxpe_dag.py
[2024-10-20T04:24:44.445+0000] {processor.py:914} INFO - Processing file /opt/airflow/dags/paxpe_dag.py for tasks to queue
[2024-10-20T04:24:44.447+0000] {logging_mixin.py:190} INFO - [2024-10-20T04:24:44.447+0000] {dagbag.py:587} INFO - Filling up the DagBag from /opt/airflow/dags/paxpe_dag.py
[2024-10-20T04:24:44.459+0000] {processor.py:925} INFO - DAG(s) 'paxpe_dag' retrieved from /opt/airflow/dags/paxpe_dag.py
[2024-10-20T04:24:44.477+0000] {logging_mixin.py:190} INFO - [2024-10-20T04:24:44.476+0000] {dag.py:3211} INFO - Sync 1 DAGs
[2024-10-20T04:24:44.491+0000] {logging_mixin.py:190} INFO - [2024-10-20T04:24:44.491+0000] {dag.py:4138} INFO - Setting next_dagrun for paxpe_dag to 2024-10-20T03:00:00+00:00, run_after=2024-10-21T03:00:00+00:00
[2024-10-20T04:24:44.501+0000] {processor.py:208} INFO - Processing /opt/airflow/dags/paxpe_dag.py took 0.061 seconds
[2024-10-20T04:25:14.602+0000] {processor.py:186} INFO - Started process (PID=303) to work on /opt/airflow/dags/paxpe_dag.py
[2024-10-20T04:25:14.603+0000] {processor.py:914} INFO - Processing file /opt/airflow/dags/paxpe_dag.py for tasks to queue
[2024-10-20T04:25:14.607+0000] {logging_mixin.py:190} INFO - [2024-10-20T04:25:14.606+0000] {dagbag.py:587} INFO - Filling up the DagBag from /opt/airflow/dags/paxpe_dag.py
[2024-10-20T04:25:14.620+0000] {processor.py:925} INFO - DAG(s) 'paxpe_dag' retrieved from /opt/airflow/dags/paxpe_dag.py
[2024-10-20T04:25:14.635+0000] {logging_mixin.py:190} INFO - [2024-10-20T04:25:14.634+0000] {dag.py:3211} INFO - Sync 1 DAGs
[2024-10-20T04:25:14.648+0000] {logging_mixin.py:190} INFO - [2024-10-20T04:25:14.648+0000] {dag.py:4138} INFO - Setting next_dagrun for paxpe_dag to 2024-10-20T03:00:00+00:00, run_after=2024-10-21T03:00:00+00:00
[2024-10-20T04:25:14.659+0000] {processor.py:208} INFO - Processing /opt/airflow/dags/paxpe_dag.py took 0.061 seconds
[2024-10-20T04:25:44.805+0000] {processor.py:186} INFO - Started process (PID=311) to work on /opt/airflow/dags/paxpe_dag.py
[2024-10-20T04:25:44.806+0000] {processor.py:914} INFO - Processing file /opt/airflow/dags/paxpe_dag.py for tasks to queue
[2024-10-20T04:25:44.807+0000] {logging_mixin.py:190} INFO - [2024-10-20T04:25:44.807+0000] {dagbag.py:587} INFO - Filling up the DagBag from /opt/airflow/dags/paxpe_dag.py
[2024-10-20T04:25:44.822+0000] {processor.py:925} INFO - DAG(s) 'paxpe_dag' retrieved from /opt/airflow/dags/paxpe_dag.py
[2024-10-20T04:25:44.839+0000] {logging_mixin.py:190} INFO - [2024-10-20T04:25:44.838+0000] {dag.py:3211} INFO - Sync 1 DAGs
[2024-10-20T04:25:44.854+0000] {logging_mixin.py:190} INFO - [2024-10-20T04:25:44.854+0000] {dag.py:4138} INFO - Setting next_dagrun for paxpe_dag to 2024-10-20T03:00:00+00:00, run_after=2024-10-21T03:00:00+00:00
[2024-10-20T04:25:44.865+0000] {processor.py:208} INFO - Processing /opt/airflow/dags/paxpe_dag.py took 0.065 seconds
