[2024-08-27T20:05:02.631+0000] {processor.py:186} INFO - Started process (PID=65) to work on /opt/airflow/dags/paxpe_dag.py
[2024-08-27T20:05:02.632+0000] {processor.py:914} INFO - Processing file /opt/airflow/dags/paxpe_dag.py for tasks to queue
[2024-08-27T20:05:02.633+0000] {logging_mixin.py:190} INFO - [2024-08-27T20:05:02.633+0000] {dagbag.py:587} INFO - Filling up the DagBag from /opt/airflow/dags/paxpe_dag.py
[2024-08-27T20:05:02.701+0000] {processor.py:925} INFO - DAG(s) 'paxpe_dag' retrieved from /opt/airflow/dags/paxpe_dag.py
[2024-08-27T20:05:02.719+0000] {logging_mixin.py:190} INFO - [2024-08-27T20:05:02.718+0000] {dag.py:3211} INFO - Sync 1 DAGs
[2024-08-27T20:05:02.735+0000] {logging_mixin.py:190} INFO - [2024-08-27T20:05:02.735+0000] {dag.py:4138} INFO - Setting next_dagrun for paxpe_dag to 2024-08-27T03:00:00+00:00, run_after=2024-08-28T03:00:00+00:00
[2024-08-27T20:05:02.744+0000] {processor.py:208} INFO - Processing /opt/airflow/dags/paxpe_dag.py took 0.117 seconds
[2024-08-27T20:05:32.770+0000] {processor.py:186} INFO - Started process (PID=73) to work on /opt/airflow/dags/paxpe_dag.py
[2024-08-27T20:05:32.771+0000] {processor.py:914} INFO - Processing file /opt/airflow/dags/paxpe_dag.py for tasks to queue
[2024-08-27T20:05:32.773+0000] {logging_mixin.py:190} INFO - [2024-08-27T20:05:32.773+0000] {dagbag.py:587} INFO - Filling up the DagBag from /opt/airflow/dags/paxpe_dag.py
[2024-08-27T20:05:32.824+0000] {processor.py:925} INFO - DAG(s) 'paxpe_dag' retrieved from /opt/airflow/dags/paxpe_dag.py
[2024-08-27T20:05:32.838+0000] {logging_mixin.py:190} INFO - [2024-08-27T20:05:32.838+0000] {dag.py:3211} INFO - Sync 1 DAGs
[2024-08-27T20:05:32.852+0000] {logging_mixin.py:190} INFO - [2024-08-27T20:05:32.852+0000] {dag.py:4138} INFO - Setting next_dagrun for paxpe_dag to 2024-08-27T03:00:00+00:00, run_after=2024-08-28T03:00:00+00:00
[2024-08-27T20:05:32.862+0000] {processor.py:208} INFO - Processing /opt/airflow/dags/paxpe_dag.py took 0.095 seconds
[2024-08-27T20:06:02.996+0000] {processor.py:186} INFO - Started process (PID=81) to work on /opt/airflow/dags/paxpe_dag.py
[2024-08-27T20:06:02.997+0000] {processor.py:914} INFO - Processing file /opt/airflow/dags/paxpe_dag.py for tasks to queue
[2024-08-27T20:06:02.999+0000] {logging_mixin.py:190} INFO - [2024-08-27T20:06:02.998+0000] {dagbag.py:587} INFO - Filling up the DagBag from /opt/airflow/dags/paxpe_dag.py
[2024-08-27T20:06:03.046+0000] {processor.py:925} INFO - DAG(s) 'paxpe_dag' retrieved from /opt/airflow/dags/paxpe_dag.py
[2024-08-27T20:06:03.058+0000] {logging_mixin.py:190} INFO - [2024-08-27T20:06:03.058+0000] {dag.py:3211} INFO - Sync 1 DAGs
[2024-08-27T20:06:03.071+0000] {logging_mixin.py:190} INFO - [2024-08-27T20:06:03.071+0000] {dag.py:4138} INFO - Setting next_dagrun for paxpe_dag to 2024-08-27T03:00:00+00:00, run_after=2024-08-28T03:00:00+00:00
[2024-08-27T20:06:03.081+0000] {processor.py:208} INFO - Processing /opt/airflow/dags/paxpe_dag.py took 0.087 seconds
[2024-08-27T20:06:33.147+0000] {processor.py:186} INFO - Started process (PID=89) to work on /opt/airflow/dags/paxpe_dag.py
[2024-08-27T20:06:33.148+0000] {processor.py:914} INFO - Processing file /opt/airflow/dags/paxpe_dag.py for tasks to queue
[2024-08-27T20:06:33.149+0000] {logging_mixin.py:190} INFO - [2024-08-27T20:06:33.149+0000] {dagbag.py:587} INFO - Filling up the DagBag from /opt/airflow/dags/paxpe_dag.py
[2024-08-27T20:06:33.194+0000] {processor.py:925} INFO - DAG(s) 'paxpe_dag' retrieved from /opt/airflow/dags/paxpe_dag.py
[2024-08-27T20:06:33.206+0000] {logging_mixin.py:190} INFO - [2024-08-27T20:06:33.206+0000] {dag.py:3211} INFO - Sync 1 DAGs
[2024-08-27T20:06:33.219+0000] {logging_mixin.py:190} INFO - [2024-08-27T20:06:33.219+0000] {dag.py:4138} INFO - Setting next_dagrun for paxpe_dag to 2024-08-27T03:00:00+00:00, run_after=2024-08-28T03:00:00+00:00
[2024-08-27T20:06:33.228+0000] {processor.py:208} INFO - Processing /opt/airflow/dags/paxpe_dag.py took 0.084 seconds
[2024-08-27T20:07:03.342+0000] {processor.py:186} INFO - Started process (PID=104) to work on /opt/airflow/dags/paxpe_dag.py
[2024-08-27T20:07:03.343+0000] {processor.py:914} INFO - Processing file /opt/airflow/dags/paxpe_dag.py for tasks to queue
[2024-08-27T20:07:03.344+0000] {logging_mixin.py:190} INFO - [2024-08-27T20:07:03.344+0000] {dagbag.py:587} INFO - Filling up the DagBag from /opt/airflow/dags/paxpe_dag.py
[2024-08-27T20:07:03.385+0000] {processor.py:925} INFO - DAG(s) 'paxpe_dag' retrieved from /opt/airflow/dags/paxpe_dag.py
[2024-08-27T20:07:03.396+0000] {logging_mixin.py:190} INFO - [2024-08-27T20:07:03.396+0000] {dag.py:3211} INFO - Sync 1 DAGs
[2024-08-27T20:07:03.409+0000] {logging_mixin.py:190} INFO - [2024-08-27T20:07:03.408+0000] {dag.py:4138} INFO - Setting next_dagrun for paxpe_dag to 2024-08-27T03:00:00+00:00, run_after=2024-08-28T03:00:00+00:00
[2024-08-27T20:07:03.418+0000] {processor.py:208} INFO - Processing /opt/airflow/dags/paxpe_dag.py took 0.078 seconds
[2024-08-27T20:07:17.961+0000] {processor.py:186} INFO - Started process (PID=106) to work on /opt/airflow/dags/paxpe_dag.py
[2024-08-27T20:07:17.962+0000] {processor.py:914} INFO - Processing file /opt/airflow/dags/paxpe_dag.py for tasks to queue
[2024-08-27T20:07:17.963+0000] {logging_mixin.py:190} INFO - [2024-08-27T20:07:17.963+0000] {dagbag.py:587} INFO - Filling up the DagBag from /opt/airflow/dags/paxpe_dag.py
[2024-08-27T20:07:17.980+0000] {processor.py:925} INFO - DAG(s) 'paxpe_dag' retrieved from /opt/airflow/dags/paxpe_dag.py
[2024-08-27T20:07:18.067+0000] {logging_mixin.py:190} INFO - [2024-08-27T20:07:18.067+0000] {dag.py:3211} INFO - Sync 1 DAGs
[2024-08-27T20:07:18.079+0000] {logging_mixin.py:190} INFO - [2024-08-27T20:07:18.079+0000] {dag.py:4138} INFO - Setting next_dagrun for paxpe_dag to 2024-08-27T03:00:00+00:00, run_after=2024-08-28T03:00:00+00:00
[2024-08-27T20:07:18.091+0000] {processor.py:208} INFO - Processing /opt/airflow/dags/paxpe_dag.py took 0.133 seconds
[2024-08-27T20:07:48.218+0000] {processor.py:186} INFO - Started process (PID=114) to work on /opt/airflow/dags/paxpe_dag.py
[2024-08-27T20:07:48.218+0000] {processor.py:914} INFO - Processing file /opt/airflow/dags/paxpe_dag.py for tasks to queue
[2024-08-27T20:07:48.220+0000] {logging_mixin.py:190} INFO - [2024-08-27T20:07:48.220+0000] {dagbag.py:587} INFO - Filling up the DagBag from /opt/airflow/dags/paxpe_dag.py
[2024-08-27T20:07:48.230+0000] {processor.py:925} INFO - DAG(s) 'paxpe_dag' retrieved from /opt/airflow/dags/paxpe_dag.py
[2024-08-27T20:07:48.244+0000] {logging_mixin.py:190} INFO - [2024-08-27T20:07:48.243+0000] {dag.py:3211} INFO - Sync 1 DAGs
[2024-08-27T20:07:48.257+0000] {logging_mixin.py:190} INFO - [2024-08-27T20:07:48.256+0000] {dag.py:4138} INFO - Setting next_dagrun for paxpe_dag to 2024-08-27T03:00:00+00:00, run_after=2024-08-28T03:00:00+00:00
[2024-08-27T20:07:48.267+0000] {processor.py:208} INFO - Processing /opt/airflow/dags/paxpe_dag.py took 0.052 seconds
[2024-08-27T20:08:18.362+0000] {processor.py:186} INFO - Started process (PID=122) to work on /opt/airflow/dags/paxpe_dag.py
[2024-08-27T20:08:18.362+0000] {processor.py:914} INFO - Processing file /opt/airflow/dags/paxpe_dag.py for tasks to queue
[2024-08-27T20:08:18.364+0000] {logging_mixin.py:190} INFO - [2024-08-27T20:08:18.364+0000] {dagbag.py:587} INFO - Filling up the DagBag from /opt/airflow/dags/paxpe_dag.py
[2024-08-27T20:08:18.374+0000] {processor.py:925} INFO - DAG(s) 'paxpe_dag' retrieved from /opt/airflow/dags/paxpe_dag.py
[2024-08-27T20:08:18.388+0000] {logging_mixin.py:190} INFO - [2024-08-27T20:08:18.388+0000] {dag.py:3211} INFO - Sync 1 DAGs
[2024-08-27T20:08:18.401+0000] {logging_mixin.py:190} INFO - [2024-08-27T20:08:18.401+0000] {dag.py:4138} INFO - Setting next_dagrun for paxpe_dag to 2024-08-27T03:00:00+00:00, run_after=2024-08-28T03:00:00+00:00
[2024-08-27T20:08:18.411+0000] {processor.py:208} INFO - Processing /opt/airflow/dags/paxpe_dag.py took 0.053 seconds
[2024-08-27T20:08:48.527+0000] {processor.py:186} INFO - Started process (PID=130) to work on /opt/airflow/dags/paxpe_dag.py
[2024-08-27T20:08:48.527+0000] {processor.py:914} INFO - Processing file /opt/airflow/dags/paxpe_dag.py for tasks to queue
[2024-08-27T20:08:48.529+0000] {logging_mixin.py:190} INFO - [2024-08-27T20:08:48.528+0000] {dagbag.py:587} INFO - Filling up the DagBag from /opt/airflow/dags/paxpe_dag.py
[2024-08-27T20:08:48.539+0000] {processor.py:925} INFO - DAG(s) 'paxpe_dag' retrieved from /opt/airflow/dags/paxpe_dag.py
[2024-08-27T20:08:48.552+0000] {logging_mixin.py:190} INFO - [2024-08-27T20:08:48.552+0000] {dag.py:3211} INFO - Sync 1 DAGs
[2024-08-27T20:08:48.566+0000] {logging_mixin.py:190} INFO - [2024-08-27T20:08:48.566+0000] {dag.py:4138} INFO - Setting next_dagrun for paxpe_dag to 2024-08-27T03:00:00+00:00, run_after=2024-08-28T03:00:00+00:00
[2024-08-27T20:08:48.575+0000] {processor.py:208} INFO - Processing /opt/airflow/dags/paxpe_dag.py took 0.052 seconds
[2024-08-27T20:09:18.676+0000] {processor.py:186} INFO - Started process (PID=138) to work on /opt/airflow/dags/paxpe_dag.py
[2024-08-27T20:09:18.677+0000] {processor.py:914} INFO - Processing file /opt/airflow/dags/paxpe_dag.py for tasks to queue
[2024-08-27T20:09:18.681+0000] {logging_mixin.py:190} INFO - [2024-08-27T20:09:18.680+0000] {dagbag.py:587} INFO - Filling up the DagBag from /opt/airflow/dags/paxpe_dag.py
[2024-08-27T20:09:18.694+0000] {processor.py:925} INFO - DAG(s) 'paxpe_dag' retrieved from /opt/airflow/dags/paxpe_dag.py
[2024-08-27T20:09:18.711+0000] {logging_mixin.py:190} INFO - [2024-08-27T20:09:18.710+0000] {dag.py:3211} INFO - Sync 1 DAGs
[2024-08-27T20:09:18.731+0000] {logging_mixin.py:190} INFO - [2024-08-27T20:09:18.731+0000] {dag.py:4138} INFO - Setting next_dagrun for paxpe_dag to 2024-08-27T03:00:00+00:00, run_after=2024-08-28T03:00:00+00:00
[2024-08-27T20:09:18.751+0000] {processor.py:208} INFO - Processing /opt/airflow/dags/paxpe_dag.py took 0.080 seconds
[2024-08-27T20:09:48.840+0000] {processor.py:186} INFO - Started process (PID=146) to work on /opt/airflow/dags/paxpe_dag.py
[2024-08-27T20:09:48.841+0000] {processor.py:914} INFO - Processing file /opt/airflow/dags/paxpe_dag.py for tasks to queue
[2024-08-27T20:09:48.843+0000] {logging_mixin.py:190} INFO - [2024-08-27T20:09:48.842+0000] {dagbag.py:587} INFO - Filling up the DagBag from /opt/airflow/dags/paxpe_dag.py
[2024-08-27T20:09:48.853+0000] {processor.py:925} INFO - DAG(s) 'paxpe_dag' retrieved from /opt/airflow/dags/paxpe_dag.py
[2024-08-27T20:09:48.866+0000] {logging_mixin.py:190} INFO - [2024-08-27T20:09:48.865+0000] {dag.py:3211} INFO - Sync 1 DAGs
[2024-08-27T20:09:48.878+0000] {logging_mixin.py:190} INFO - [2024-08-27T20:09:48.878+0000] {dag.py:4138} INFO - Setting next_dagrun for paxpe_dag to 2024-08-27T03:00:00+00:00, run_after=2024-08-28T03:00:00+00:00
[2024-08-27T20:09:48.888+0000] {processor.py:208} INFO - Processing /opt/airflow/dags/paxpe_dag.py took 0.051 seconds
[2024-08-27T20:10:19.038+0000] {processor.py:186} INFO - Started process (PID=154) to work on /opt/airflow/dags/paxpe_dag.py
[2024-08-27T20:10:19.038+0000] {processor.py:914} INFO - Processing file /opt/airflow/dags/paxpe_dag.py for tasks to queue
[2024-08-27T20:10:19.040+0000] {logging_mixin.py:190} INFO - [2024-08-27T20:10:19.040+0000] {dagbag.py:587} INFO - Filling up the DagBag from /opt/airflow/dags/paxpe_dag.py
[2024-08-27T20:10:19.050+0000] {processor.py:925} INFO - DAG(s) 'paxpe_dag' retrieved from /opt/airflow/dags/paxpe_dag.py
[2024-08-27T20:10:19.063+0000] {logging_mixin.py:190} INFO - [2024-08-27T20:10:19.062+0000] {dag.py:3211} INFO - Sync 1 DAGs
[2024-08-27T20:10:19.075+0000] {logging_mixin.py:190} INFO - [2024-08-27T20:10:19.075+0000] {dag.py:4138} INFO - Setting next_dagrun for paxpe_dag to 2024-08-27T03:00:00+00:00, run_after=2024-08-28T03:00:00+00:00
[2024-08-27T20:10:19.088+0000] {processor.py:208} INFO - Processing /opt/airflow/dags/paxpe_dag.py took 0.053 seconds
[2024-08-27T20:10:49.179+0000] {processor.py:186} INFO - Started process (PID=162) to work on /opt/airflow/dags/paxpe_dag.py
[2024-08-27T20:10:49.180+0000] {processor.py:914} INFO - Processing file /opt/airflow/dags/paxpe_dag.py for tasks to queue
[2024-08-27T20:10:49.181+0000] {logging_mixin.py:190} INFO - [2024-08-27T20:10:49.181+0000] {dagbag.py:587} INFO - Filling up the DagBag from /opt/airflow/dags/paxpe_dag.py
[2024-08-27T20:10:49.192+0000] {processor.py:925} INFO - DAG(s) 'paxpe_dag' retrieved from /opt/airflow/dags/paxpe_dag.py
[2024-08-27T20:10:49.205+0000] {logging_mixin.py:190} INFO - [2024-08-27T20:10:49.204+0000] {dag.py:3211} INFO - Sync 1 DAGs
[2024-08-27T20:10:49.217+0000] {logging_mixin.py:190} INFO - [2024-08-27T20:10:49.216+0000] {dag.py:4138} INFO - Setting next_dagrun for paxpe_dag to 2024-08-27T03:00:00+00:00, run_after=2024-08-28T03:00:00+00:00
[2024-08-27T20:10:49.225+0000] {processor.py:208} INFO - Processing /opt/airflow/dags/paxpe_dag.py took 0.049 seconds
[2024-08-27T20:11:19.351+0000] {processor.py:186} INFO - Started process (PID=170) to work on /opt/airflow/dags/paxpe_dag.py
[2024-08-27T20:11:19.351+0000] {processor.py:914} INFO - Processing file /opt/airflow/dags/paxpe_dag.py for tasks to queue
[2024-08-27T20:11:19.353+0000] {logging_mixin.py:190} INFO - [2024-08-27T20:11:19.353+0000] {dagbag.py:587} INFO - Filling up the DagBag from /opt/airflow/dags/paxpe_dag.py
[2024-08-27T20:11:19.363+0000] {processor.py:925} INFO - DAG(s) 'paxpe_dag' retrieved from /opt/airflow/dags/paxpe_dag.py
[2024-08-27T20:11:19.376+0000] {logging_mixin.py:190} INFO - [2024-08-27T20:11:19.376+0000] {dag.py:3211} INFO - Sync 1 DAGs
[2024-08-27T20:11:19.389+0000] {logging_mixin.py:190} INFO - [2024-08-27T20:11:19.389+0000] {dag.py:4138} INFO - Setting next_dagrun for paxpe_dag to 2024-08-27T03:00:00+00:00, run_after=2024-08-28T03:00:00+00:00
[2024-08-27T20:11:19.398+0000] {processor.py:208} INFO - Processing /opt/airflow/dags/paxpe_dag.py took 0.050 seconds
[2024-08-27T20:11:49.504+0000] {processor.py:186} INFO - Started process (PID=178) to work on /opt/airflow/dags/paxpe_dag.py
[2024-08-27T20:11:49.504+0000] {processor.py:914} INFO - Processing file /opt/airflow/dags/paxpe_dag.py for tasks to queue
[2024-08-27T20:11:49.506+0000] {logging_mixin.py:190} INFO - [2024-08-27T20:11:49.506+0000] {dagbag.py:587} INFO - Filling up the DagBag from /opt/airflow/dags/paxpe_dag.py
[2024-08-27T20:11:49.517+0000] {processor.py:925} INFO - DAG(s) 'paxpe_dag' retrieved from /opt/airflow/dags/paxpe_dag.py
[2024-08-27T20:11:49.529+0000] {logging_mixin.py:190} INFO - [2024-08-27T20:11:49.529+0000] {dag.py:3211} INFO - Sync 1 DAGs
[2024-08-27T20:11:49.541+0000] {logging_mixin.py:190} INFO - [2024-08-27T20:11:49.541+0000] {dag.py:4138} INFO - Setting next_dagrun for paxpe_dag to 2024-08-27T03:00:00+00:00, run_after=2024-08-28T03:00:00+00:00
[2024-08-27T20:11:49.549+0000] {processor.py:208} INFO - Processing /opt/airflow/dags/paxpe_dag.py took 0.049 seconds
[2024-08-27T20:12:19.667+0000] {processor.py:186} INFO - Started process (PID=186) to work on /opt/airflow/dags/paxpe_dag.py
[2024-08-27T20:12:19.668+0000] {processor.py:914} INFO - Processing file /opt/airflow/dags/paxpe_dag.py for tasks to queue
[2024-08-27T20:12:19.669+0000] {logging_mixin.py:190} INFO - [2024-08-27T20:12:19.669+0000] {dagbag.py:587} INFO - Filling up the DagBag from /opt/airflow/dags/paxpe_dag.py
[2024-08-27T20:12:19.680+0000] {processor.py:925} INFO - DAG(s) 'paxpe_dag' retrieved from /opt/airflow/dags/paxpe_dag.py
[2024-08-27T20:12:19.693+0000] {logging_mixin.py:190} INFO - [2024-08-27T20:12:19.693+0000] {dag.py:3211} INFO - Sync 1 DAGs
[2024-08-27T20:12:19.707+0000] {logging_mixin.py:190} INFO - [2024-08-27T20:12:19.707+0000] {dag.py:4138} INFO - Setting next_dagrun for paxpe_dag to 2024-08-27T03:00:00+00:00, run_after=2024-08-28T03:00:00+00:00
[2024-08-27T20:12:19.719+0000] {processor.py:208} INFO - Processing /opt/airflow/dags/paxpe_dag.py took 0.055 seconds
[2024-08-27T20:12:49.809+0000] {processor.py:186} INFO - Started process (PID=194) to work on /opt/airflow/dags/paxpe_dag.py
[2024-08-27T20:12:49.809+0000] {processor.py:914} INFO - Processing file /opt/airflow/dags/paxpe_dag.py for tasks to queue
[2024-08-27T20:12:49.811+0000] {logging_mixin.py:190} INFO - [2024-08-27T20:12:49.811+0000] {dagbag.py:587} INFO - Filling up the DagBag from /opt/airflow/dags/paxpe_dag.py
[2024-08-27T20:12:49.822+0000] {processor.py:925} INFO - DAG(s) 'paxpe_dag' retrieved from /opt/airflow/dags/paxpe_dag.py
[2024-08-27T20:12:49.835+0000] {logging_mixin.py:190} INFO - [2024-08-27T20:12:49.834+0000] {dag.py:3211} INFO - Sync 1 DAGs
[2024-08-27T20:12:49.847+0000] {logging_mixin.py:190} INFO - [2024-08-27T20:12:49.847+0000] {dag.py:4138} INFO - Setting next_dagrun for paxpe_dag to 2024-08-27T03:00:00+00:00, run_after=2024-08-28T03:00:00+00:00
[2024-08-27T20:12:49.857+0000] {processor.py:208} INFO - Processing /opt/airflow/dags/paxpe_dag.py took 0.052 seconds
[2024-08-27T20:13:19.985+0000] {processor.py:186} INFO - Started process (PID=202) to work on /opt/airflow/dags/paxpe_dag.py
[2024-08-27T20:13:19.986+0000] {processor.py:914} INFO - Processing file /opt/airflow/dags/paxpe_dag.py for tasks to queue
[2024-08-27T20:13:19.988+0000] {logging_mixin.py:190} INFO - [2024-08-27T20:13:19.988+0000] {dagbag.py:587} INFO - Filling up the DagBag from /opt/airflow/dags/paxpe_dag.py
[2024-08-27T20:13:19.999+0000] {processor.py:925} INFO - DAG(s) 'paxpe_dag' retrieved from /opt/airflow/dags/paxpe_dag.py
[2024-08-27T20:13:20.012+0000] {logging_mixin.py:190} INFO - [2024-08-27T20:13:20.012+0000] {dag.py:3211} INFO - Sync 1 DAGs
[2024-08-27T20:13:20.026+0000] {logging_mixin.py:190} INFO - [2024-08-27T20:13:20.026+0000] {dag.py:4138} INFO - Setting next_dagrun for paxpe_dag to 2024-08-27T03:00:00+00:00, run_after=2024-08-28T03:00:00+00:00
[2024-08-27T20:13:20.037+0000] {processor.py:208} INFO - Processing /opt/airflow/dags/paxpe_dag.py took 0.055 seconds
[2024-08-27T20:13:50.130+0000] {processor.py:186} INFO - Started process (PID=210) to work on /opt/airflow/dags/paxpe_dag.py
[2024-08-27T20:13:50.130+0000] {processor.py:914} INFO - Processing file /opt/airflow/dags/paxpe_dag.py for tasks to queue
[2024-08-27T20:13:50.133+0000] {logging_mixin.py:190} INFO - [2024-08-27T20:13:50.133+0000] {dagbag.py:587} INFO - Filling up the DagBag from /opt/airflow/dags/paxpe_dag.py
[2024-08-27T20:13:50.143+0000] {processor.py:925} INFO - DAG(s) 'paxpe_dag' retrieved from /opt/airflow/dags/paxpe_dag.py
[2024-08-27T20:13:50.156+0000] {logging_mixin.py:190} INFO - [2024-08-27T20:13:50.156+0000] {dag.py:3211} INFO - Sync 1 DAGs
[2024-08-27T20:13:50.169+0000] {logging_mixin.py:190} INFO - [2024-08-27T20:13:50.169+0000] {dag.py:4138} INFO - Setting next_dagrun for paxpe_dag to 2024-08-27T03:00:00+00:00, run_after=2024-08-28T03:00:00+00:00
[2024-08-27T20:13:50.178+0000] {processor.py:208} INFO - Processing /opt/airflow/dags/paxpe_dag.py took 0.051 seconds
[2024-08-27T20:14:20.300+0000] {processor.py:186} INFO - Started process (PID=218) to work on /opt/airflow/dags/paxpe_dag.py
[2024-08-27T20:14:20.301+0000] {processor.py:914} INFO - Processing file /opt/airflow/dags/paxpe_dag.py for tasks to queue
[2024-08-27T20:14:20.303+0000] {logging_mixin.py:190} INFO - [2024-08-27T20:14:20.302+0000] {dagbag.py:587} INFO - Filling up the DagBag from /opt/airflow/dags/paxpe_dag.py
[2024-08-27T20:14:20.314+0000] {processor.py:925} INFO - DAG(s) 'paxpe_dag' retrieved from /opt/airflow/dags/paxpe_dag.py
[2024-08-27T20:14:20.327+0000] {logging_mixin.py:190} INFO - [2024-08-27T20:14:20.327+0000] {dag.py:3211} INFO - Sync 1 DAGs
[2024-08-27T20:14:20.342+0000] {logging_mixin.py:190} INFO - [2024-08-27T20:14:20.342+0000] {dag.py:4138} INFO - Setting next_dagrun for paxpe_dag to 2024-08-27T03:00:00+00:00, run_after=2024-08-28T03:00:00+00:00
[2024-08-27T20:14:20.352+0000] {processor.py:208} INFO - Processing /opt/airflow/dags/paxpe_dag.py took 0.055 seconds
[2024-08-27T20:14:50.446+0000] {processor.py:186} INFO - Started process (PID=226) to work on /opt/airflow/dags/paxpe_dag.py
[2024-08-27T20:14:50.447+0000] {processor.py:914} INFO - Processing file /opt/airflow/dags/paxpe_dag.py for tasks to queue
[2024-08-27T20:14:50.448+0000] {logging_mixin.py:190} INFO - [2024-08-27T20:14:50.448+0000] {dagbag.py:587} INFO - Filling up the DagBag from /opt/airflow/dags/paxpe_dag.py
[2024-08-27T20:14:50.458+0000] {processor.py:925} INFO - DAG(s) 'paxpe_dag' retrieved from /opt/airflow/dags/paxpe_dag.py
[2024-08-27T20:14:50.472+0000] {logging_mixin.py:190} INFO - [2024-08-27T20:14:50.471+0000] {dag.py:3211} INFO - Sync 1 DAGs
[2024-08-27T20:14:50.485+0000] {logging_mixin.py:190} INFO - [2024-08-27T20:14:50.485+0000] {dag.py:4138} INFO - Setting next_dagrun for paxpe_dag to 2024-08-27T03:00:00+00:00, run_after=2024-08-28T03:00:00+00:00
[2024-08-27T20:14:50.496+0000] {processor.py:208} INFO - Processing /opt/airflow/dags/paxpe_dag.py took 0.053 seconds
[2024-08-27T20:15:20.635+0000] {processor.py:186} INFO - Started process (PID=234) to work on /opt/airflow/dags/paxpe_dag.py
[2024-08-27T20:15:20.635+0000] {processor.py:914} INFO - Processing file /opt/airflow/dags/paxpe_dag.py for tasks to queue
[2024-08-27T20:15:20.637+0000] {logging_mixin.py:190} INFO - [2024-08-27T20:15:20.637+0000] {dagbag.py:587} INFO - Filling up the DagBag from /opt/airflow/dags/paxpe_dag.py
[2024-08-27T20:15:20.647+0000] {processor.py:925} INFO - DAG(s) 'paxpe_dag' retrieved from /opt/airflow/dags/paxpe_dag.py
[2024-08-27T20:15:20.661+0000] {logging_mixin.py:190} INFO - [2024-08-27T20:15:20.661+0000] {dag.py:3211} INFO - Sync 1 DAGs
[2024-08-27T20:15:20.673+0000] {logging_mixin.py:190} INFO - [2024-08-27T20:15:20.673+0000] {dag.py:4138} INFO - Setting next_dagrun for paxpe_dag to 2024-08-27T03:00:00+00:00, run_after=2024-08-28T03:00:00+00:00
[2024-08-27T20:15:20.683+0000] {processor.py:208} INFO - Processing /opt/airflow/dags/paxpe_dag.py took 0.051 seconds
[2024-08-27T20:15:50.779+0000] {processor.py:186} INFO - Started process (PID=242) to work on /opt/airflow/dags/paxpe_dag.py
[2024-08-27T20:15:50.780+0000] {processor.py:914} INFO - Processing file /opt/airflow/dags/paxpe_dag.py for tasks to queue
[2024-08-27T20:15:50.781+0000] {logging_mixin.py:190} INFO - [2024-08-27T20:15:50.781+0000] {dagbag.py:587} INFO - Filling up the DagBag from /opt/airflow/dags/paxpe_dag.py
[2024-08-27T20:15:50.792+0000] {processor.py:925} INFO - DAG(s) 'paxpe_dag' retrieved from /opt/airflow/dags/paxpe_dag.py
[2024-08-27T20:15:50.806+0000] {logging_mixin.py:190} INFO - [2024-08-27T20:15:50.806+0000] {dag.py:3211} INFO - Sync 1 DAGs
[2024-08-27T20:15:50.821+0000] {logging_mixin.py:190} INFO - [2024-08-27T20:15:50.821+0000] {dag.py:4138} INFO - Setting next_dagrun for paxpe_dag to 2024-08-27T03:00:00+00:00, run_after=2024-08-28T03:00:00+00:00
[2024-08-27T20:15:50.831+0000] {processor.py:208} INFO - Processing /opt/airflow/dags/paxpe_dag.py took 0.056 seconds
